Determining if the function __android_log_print exists in the log failed with the following output:
Change Dir: /home/life/Desktop/dev/Crowny/Crowny/Dependencies/openal-soft/CMakeFiles/CMakeTmp

Run Build Command(s):/usr/bin/make cmTC_2071d/fast && /usr/bin/make -f CMakeFiles/cmTC_2071d.dir/build.make CMakeFiles/cmTC_2071d.dir/build
make[1]: Entering directory '/home/life/Desktop/dev/Crowny/Crowny/Dependencies/openal-soft/CMakeFiles/CMakeTmp'
Building C object CMakeFiles/cmTC_2071d.dir/CheckFunctionExists.c.o
/usr/bin/cc   -DCHECK_FUNCTION_EXISTS=__android_log_print   -o CMakeFiles/cmTC_2071d.dir/CheckFunctionExists.c.o   -c /usr/share/cmake-3.16/Modules/CheckFunctionExists.c
Linking C executable cmTC_2071d
/usr/bin/cmake -E cmake_link_script CMakeFiles/cmTC_2071d.dir/link.txt --verbose=1
/usr/bin/cc  -DCHECK_FUNCTION_EXISTS=__android_log_print    -rdynamic CMakeFiles/cmTC_2071d.dir/CheckFunctionExists.c.o  -o cmTC_2071d  -llog -latomic 
/usr/bin/ld: cannot find -llog
collect2: error: ld returned 1 exit status
make[1]: *** [CMakeFiles/cmTC_2071d.dir/build.make:87: cmTC_2071d] Error 1
make[1]: Leaving directory '/home/life/Desktop/dev/Crowny/Crowny/Dependencies/openal-soft/CMakeFiles/CMakeTmp'
make: *** [Makefile:121: cmTC_2071d/fast] Error 2



Determining if the include file arm_neon.h exists failed with the following output:
Change Dir: /home/life/Desktop/dev/Crowny/Crowny/Dependencies/openal-soft/CMakeFiles/CMakeTmp

Run Build Command(s):/usr/bin/make cmTC_ac1b4/fast && /usr/bin/make -f CMakeFiles/cmTC_ac1b4.dir/build.make CMakeFiles/cmTC_ac1b4.dir/build
make[1]: Entering directory '/home/life/Desktop/dev/Crowny/Crowny/Dependencies/openal-soft/CMakeFiles/CMakeTmp'
Building C object CMakeFiles/cmTC_ac1b4.dir/CheckIncludeFile.c.o
/usr/bin/cc    -o CMakeFiles/cmTC_ac1b4.dir/CheckIncludeFile.c.o   -c /home/life/Desktop/dev/Crowny/Crowny/Dependencies/openal-soft/CMakeFiles/CMakeTmp/CheckIncludeFile.c
/home/life/Desktop/dev/Crowny/Crowny/Dependencies/openal-soft/CMakeFiles/CMakeTmp/CheckIncludeFile.c:1:10: fatal error: arm_neon.h: No such file or directory
    1 | #include <arm_neon.h>
      |          ^~~~~~~~~~~~
compilation terminated.
make[1]: *** [CMakeFiles/cmTC_ac1b4.dir/build.make:66: CMakeFiles/cmTC_ac1b4.dir/CheckIncludeFile.c.o] Error 1
make[1]: Leaving directory '/home/life/Desktop/dev/Crowny/Crowny/Dependencies/openal-soft/CMakeFiles/CMakeTmp'
make: *** [Makefile:121: cmTC_ac1b4/fast] Error 2



Determining if the include file intrin.h exists failed with the following output:
Change Dir: /home/life/Desktop/dev/Crowny/Crowny/Dependencies/openal-soft/CMakeFiles/CMakeTmp

Run Build Command(s):/usr/bin/make cmTC_c752b/fast && /usr/bin/make -f CMakeFiles/cmTC_c752b.dir/build.make CMakeFiles/cmTC_c752b.dir/build
make[1]: Entering directory '/home/life/Desktop/dev/Crowny/Crowny/Dependencies/openal-soft/CMakeFiles/CMakeTmp'
Building C object CMakeFiles/cmTC_c752b.dir/CheckIncludeFile.c.o
/usr/bin/cc    -o CMakeFiles/cmTC_c752b.dir/CheckIncludeFile.c.o   -c /home/life/Desktop/dev/Crowny/Crowny/Dependencies/openal-soft/CMakeFiles/CMakeTmp/CheckIncludeFile.c
/home/life/Desktop/dev/Crowny/Crowny/Dependencies/openal-soft/CMakeFiles/CMakeTmp/CheckIncludeFile.c:1:10: fatal error: intrin.h: No such file or directory
    1 | #include <intrin.h>
      |          ^~~~~~~~~~
compilation terminated.
make[1]: *** [CMakeFiles/cmTC_c752b.dir/build.make:66: CMakeFiles/cmTC_c752b.dir/CheckIncludeFile.c.o] Error 1
make[1]: Leaving directory '/home/life/Desktop/dev/Crowny/Crowny/Dependencies/openal-soft/CMakeFiles/CMakeTmp'
make: *** [Makefile:121: cmTC_c752b/fast] Error 2



Determining if the include file guiddef.h exists failed with the following output:
Change Dir: /home/life/Desktop/dev/Crowny/Crowny/Dependencies/openal-soft/CMakeFiles/CMakeTmp

Run Build Command(s):/usr/bin/make cmTC_92359/fast && /usr/bin/make -f CMakeFiles/cmTC_92359.dir/build.make CMakeFiles/cmTC_92359.dir/build
make[1]: Entering directory '/home/life/Desktop/dev/Crowny/Crowny/Dependencies/openal-soft/CMakeFiles/CMakeTmp'
Building C object CMakeFiles/cmTC_92359.dir/CheckIncludeFile.c.o
/usr/bin/cc    -o CMakeFiles/cmTC_92359.dir/CheckIncludeFile.c.o   -c /home/life/Desktop/dev/Crowny/Crowny/Dependencies/openal-soft/CMakeFiles/CMakeTmp/CheckIncludeFile.c
/home/life/Desktop/dev/Crowny/Crowny/Dependencies/openal-soft/CMakeFiles/CMakeTmp/CheckIncludeFile.c:1:10: fatal error: guiddef.h: No such file or directory
    1 | #include <guiddef.h>
      |          ^~~~~~~~~~~
compilation terminated.
make[1]: *** [CMakeFiles/cmTC_92359.dir/build.make:66: CMakeFiles/cmTC_92359.dir/CheckIncludeFile.c.o] Error 1
make[1]: Leaving directory '/home/life/Desktop/dev/Crowny/Crowny/Dependencies/openal-soft/CMakeFiles/CMakeTmp'
make: *** [Makefile:121: cmTC_92359/fast] Error 2



Determining if the include file initguid.h exists failed with the following output:
Change Dir: /home/life/Desktop/dev/Crowny/Crowny/Dependencies/openal-soft/CMakeFiles/CMakeTmp

Run Build Command(s):/usr/bin/make cmTC_816d2/fast && /usr/bin/make -f CMakeFiles/cmTC_816d2.dir/build.make CMakeFiles/cmTC_816d2.dir/build
make[1]: Entering directory '/home/life/Desktop/dev/Crowny/Crowny/Dependencies/openal-soft/CMakeFiles/CMakeTmp'
Building C object CMakeFiles/cmTC_816d2.dir/CheckIncludeFile.c.o
/usr/bin/cc    -o CMakeFiles/cmTC_816d2.dir/CheckIncludeFile.c.o   -c /home/life/Desktop/dev/Crowny/Crowny/Dependencies/openal-soft/CMakeFiles/CMakeTmp/CheckIncludeFile.c
/home/life/Desktop/dev/Crowny/Crowny/Dependencies/openal-soft/CMakeFiles/CMakeTmp/CheckIncludeFile.c:1:10: fatal error: initguid.h: No such file or directory
    1 | #include <initguid.h>
      |          ^~~~~~~~~~~~
compilation terminated.
make[1]: *** [CMakeFiles/cmTC_816d2.dir/build.make:66: CMakeFiles/cmTC_816d2.dir/CheckIncludeFile.c.o] Error 1
make[1]: Leaving directory '/home/life/Desktop/dev/Crowny/Crowny/Dependencies/openal-soft/CMakeFiles/CMakeTmp'
make: *** [Makefile:121: cmTC_816d2/fast] Error 2



Determining if the _aligned_malloc exist failed with the following output:
Change Dir: /home/life/Desktop/dev/Crowny/Crowny/Dependencies/openal-soft/CMakeFiles/CMakeTmp

Run Build Command(s):/usr/bin/make cmTC_75a5b/fast && /usr/bin/make -f CMakeFiles/cmTC_75a5b.dir/build.make CMakeFiles/cmTC_75a5b.dir/build
make[1]: Entering directory '/home/life/Desktop/dev/Crowny/Crowny/Dependencies/openal-soft/CMakeFiles/CMakeTmp'
Building C object CMakeFiles/cmTC_75a5b.dir/CheckSymbolExists.c.o
/usr/bin/cc    -o CMakeFiles/cmTC_75a5b.dir/CheckSymbolExists.c.o   -c /home/life/Desktop/dev/Crowny/Crowny/Dependencies/openal-soft/CMakeFiles/CMakeTmp/CheckSymbolExists.c
/home/life/Desktop/dev/Crowny/Crowny/Dependencies/openal-soft/CMakeFiles/CMakeTmp/CheckSymbolExists.c: In function ‘main’:
/home/life/Desktop/dev/Crowny/Crowny/Dependencies/openal-soft/CMakeFiles/CMakeTmp/CheckSymbolExists.c:8:19: error: ‘_aligned_malloc’ undeclared (first use in this function)
    8 |   return ((int*)(&_aligned_malloc))[argc];
      |                   ^~~~~~~~~~~~~~~
/home/life/Desktop/dev/Crowny/Crowny/Dependencies/openal-soft/CMakeFiles/CMakeTmp/CheckSymbolExists.c:8:19: note: each undeclared identifier is reported only once for each function it appears in
make[1]: *** [CMakeFiles/cmTC_75a5b.dir/build.make:66: CMakeFiles/cmTC_75a5b.dir/CheckSymbolExists.c.o] Error 1
make[1]: Leaving directory '/home/life/Desktop/dev/Crowny/Crowny/Dependencies/openal-soft/CMakeFiles/CMakeTmp'
make: *** [Makefile:121: cmTC_75a5b/fast] Error 2


File /home/life/Desktop/dev/Crowny/Crowny/Dependencies/openal-soft/CMakeFiles/CMakeTmp/CheckSymbolExists.c:
/* */
#include <malloc.h>

int main(int argc, char** argv)
{
  (void)argv;
#ifndef _aligned_malloc
  return ((int*)(&_aligned_malloc))[argc];
#else
  (void)argc;
  return 0;
#endif
}
Determining if the proc_pidpath exist failed with the following output:
Change Dir: /home/life/Desktop/dev/Crowny/Crowny/Dependencies/openal-soft/CMakeFiles/CMakeTmp

Run Build Command(s):/usr/bin/make cmTC_567a5/fast && /usr/bin/make -f CMakeFiles/cmTC_567a5.dir/build.make CMakeFiles/cmTC_567a5.dir/build
make[1]: Entering directory '/home/life/Desktop/dev/Crowny/Crowny/Dependencies/openal-soft/CMakeFiles/CMakeTmp'
Building C object CMakeFiles/cmTC_567a5.dir/CheckSymbolExists.c.o
/usr/bin/cc    -o CMakeFiles/cmTC_567a5.dir/CheckSymbolExists.c.o   -c /home/life/Desktop/dev/Crowny/Crowny/Dependencies/openal-soft/CMakeFiles/CMakeTmp/CheckSymbolExists.c
/home/life/Desktop/dev/Crowny/Crowny/Dependencies/openal-soft/CMakeFiles/CMakeTmp/CheckSymbolExists.c:2:10: fatal error: libproc.h: No such file or directory
    2 | #include <libproc.h>
      |          ^~~~~~~~~~~
compilation terminated.
make[1]: *** [CMakeFiles/cmTC_567a5.dir/build.make:66: CMakeFiles/cmTC_567a5.dir/CheckSymbolExists.c.o] Error 1
make[1]: Leaving directory '/home/life/Desktop/dev/Crowny/Crowny/Dependencies/openal-soft/CMakeFiles/CMakeTmp'
make: *** [Makefile:121: cmTC_567a5/fast] Error 2


File /home/life/Desktop/dev/Crowny/Crowny/Dependencies/openal-soft/CMakeFiles/CMakeTmp/CheckSymbolExists.c:
/* */
#include <libproc.h>

int main(int argc, char** argv)
{
  (void)argv;
#ifndef proc_pidpath
  return ((int*)(&proc_pidpath))[argc];
#else
  (void)argc;
  return 0;
#endif
}
Determining if files pthread.h;pthread_np.h exist failed with the following output:
Change Dir: /home/life/Desktop/dev/Crowny/Crowny/Dependencies/openal-soft/CMakeFiles/CMakeTmp

Run Build Command(s):/usr/bin/make cmTC_a49a9/fast && /usr/bin/make -f CMakeFiles/cmTC_a49a9.dir/build.make CMakeFiles/cmTC_a49a9.dir/build
make[1]: Entering directory '/home/life/Desktop/dev/Crowny/Crowny/Dependencies/openal-soft/CMakeFiles/CMakeTmp'
Building C object CMakeFiles/cmTC_a49a9.dir/HAVE_PTHREAD_NP_H.c.o
/usr/bin/cc   -pthread   -o CMakeFiles/cmTC_a49a9.dir/HAVE_PTHREAD_NP_H.c.o   -c /home/life/Desktop/dev/Crowny/Crowny/Dependencies/openal-soft/CMakeFiles/CheckIncludeFiles/HAVE_PTHREAD_NP_H.c
/home/life/Desktop/dev/Crowny/Crowny/Dependencies/openal-soft/CMakeFiles/CheckIncludeFiles/HAVE_PTHREAD_NP_H.c:3:10: fatal error: pthread_np.h: No such file or directory
    3 | #include <pthread_np.h>
      |          ^~~~~~~~~~~~~~
compilation terminated.
make[1]: *** [CMakeFiles/cmTC_a49a9.dir/build.make:66: CMakeFiles/cmTC_a49a9.dir/HAVE_PTHREAD_NP_H.c.o] Error 1
make[1]: Leaving directory '/home/life/Desktop/dev/Crowny/Crowny/Dependencies/openal-soft/CMakeFiles/CMakeTmp'
make: *** [Makefile:121: cmTC_a49a9/fast] Error 2


Source:
/* */
#include <pthread.h>
#include <pthread_np.h>


int main(void){return 0;}

Determining if the pthread_setname_np exist failed with the following output:
Change Dir: /home/life/Desktop/dev/Crowny/Crowny/Dependencies/openal-soft/CMakeFiles/CMakeTmp

Run Build Command(s):/usr/bin/make cmTC_86f50/fast && /usr/bin/make -f CMakeFiles/cmTC_86f50.dir/build.make CMakeFiles/cmTC_86f50.dir/build
make[1]: Entering directory '/home/life/Desktop/dev/Crowny/Crowny/Dependencies/openal-soft/CMakeFiles/CMakeTmp'
Building C object CMakeFiles/cmTC_86f50.dir/CheckSymbolExists.c.o
/usr/bin/cc   -pthread   -o CMakeFiles/cmTC_86f50.dir/CheckSymbolExists.c.o   -c /home/life/Desktop/dev/Crowny/Crowny/Dependencies/openal-soft/CMakeFiles/CMakeTmp/CheckSymbolExists.c
/home/life/Desktop/dev/Crowny/Crowny/Dependencies/openal-soft/CMakeFiles/CMakeTmp/CheckSymbolExists.c: In function ‘main’:
/home/life/Desktop/dev/Crowny/Crowny/Dependencies/openal-soft/CMakeFiles/CMakeTmp/CheckSymbolExists.c:8:19: error: ‘pthread_setname_np’ undeclared (first use in this function); did you mean ‘pthread_setcanceltype’?
    8 |   return ((int*)(&pthread_setname_np))[argc];
      |                   ^~~~~~~~~~~~~~~~~~
      |                   pthread_setcanceltype
/home/life/Desktop/dev/Crowny/Crowny/Dependencies/openal-soft/CMakeFiles/CMakeTmp/CheckSymbolExists.c:8:19: note: each undeclared identifier is reported only once for each function it appears in
make[1]: *** [CMakeFiles/cmTC_86f50.dir/build.make:66: CMakeFiles/cmTC_86f50.dir/CheckSymbolExists.c.o] Error 1
make[1]: Leaving directory '/home/life/Desktop/dev/Crowny/Crowny/Dependencies/openal-soft/CMakeFiles/CMakeTmp'
make: *** [Makefile:121: cmTC_86f50/fast] Error 2


File /home/life/Desktop/dev/Crowny/Crowny/Dependencies/openal-soft/CMakeFiles/CMakeTmp/CheckSymbolExists.c:
/* */
#include <pthread.h>

int main(int argc, char** argv)
{
  (void)argv;
#ifndef pthread_setname_np
  return ((int*)(&pthread_setname_np))[argc];
#else
  (void)argc;
  return 0;
#endif
}
Determining if the pthread_set_name_np exist failed with the following output:
Change Dir: /home/life/Desktop/dev/Crowny/Crowny/Dependencies/openal-soft/CMakeFiles/CMakeTmp

Run Build Command(s):/usr/bin/make cmTC_07911/fast && /usr/bin/make -f CMakeFiles/cmTC_07911.dir/build.make CMakeFiles/cmTC_07911.dir/build
make[1]: Entering directory '/home/life/Desktop/dev/Crowny/Crowny/Dependencies/openal-soft/CMakeFiles/CMakeTmp'
Building C object CMakeFiles/cmTC_07911.dir/CheckSymbolExists.c.o
/usr/bin/cc   -pthread   -o CMakeFiles/cmTC_07911.dir/CheckSymbolExists.c.o   -c /home/life/Desktop/dev/Crowny/Crowny/Dependencies/openal-soft/CMakeFiles/CMakeTmp/CheckSymbolExists.c
/home/life/Desktop/dev/Crowny/Crowny/Dependencies/openal-soft/CMakeFiles/CMakeTmp/CheckSymbolExists.c: In function ‘main’:
/home/life/Desktop/dev/Crowny/Crowny/Dependencies/openal-soft/CMakeFiles/CMakeTmp/CheckSymbolExists.c:8:19: error: ‘pthread_set_name_np’ undeclared (first use in this function); did you mean ‘pthread_setcanceltype’?
    8 |   return ((int*)(&pthread_set_name_np))[argc];
      |                   ^~~~~~~~~~~~~~~~~~~
      |                   pthread_setcanceltype
/home/life/Desktop/dev/Crowny/Crowny/Dependencies/openal-soft/CMakeFiles/CMakeTmp/CheckSymbolExists.c:8:19: note: each undeclared identifier is reported only once for each function it appears in
make[1]: *** [CMakeFiles/cmTC_07911.dir/build.make:66: CMakeFiles/cmTC_07911.dir/CheckSymbolExists.c.o] Error 1
make[1]: Leaving directory '/home/life/Desktop/dev/Crowny/Crowny/Dependencies/openal-soft/CMakeFiles/CMakeTmp'
make: *** [Makefile:121: cmTC_07911/fast] Error 2


File /home/life/Desktop/dev/Crowny/Crowny/Dependencies/openal-soft/CMakeFiles/CMakeTmp/CheckSymbolExists.c:
/* */
#include <pthread.h>

int main(int argc, char** argv)
{
  (void)argv;
#ifndef pthread_set_name_np
  return ((int*)(&pthread_set_name_np))[argc];
#else
  (void)argc;
  return 0;
#endif
}
