The system is: Linux - 5.4.0-89-generic - x86_64
Compiling the C compiler identification source file "CMakeCCompilerId.c" succeeded.
Compiler: /usr/bin/cc 
Build flags: 
Id flags:  

The output was:
0


Compilation of the C compiler identification source "CMakeCCompilerId.c" produced "a.out"

The C compiler identification is GNU, found in "/home/life/Desktop/dev/Crowny/Crowny/Dependencies/openal-soft/CMakeFiles/3.16.3/CompilerIdC/a.out"

Compiling the CXX compiler identification source file "CMakeCXXCompilerId.cpp" succeeded.
Compiler: /usr/bin/c++ 
Build flags: 
Id flags:  

The output was:
0


Compilation of the CXX compiler identification source "CMakeCXXCompilerId.cpp" produced "a.out"

The CXX compiler identification is GNU, found in "/home/life/Desktop/dev/Crowny/Crowny/Dependencies/openal-soft/CMakeFiles/3.16.3/CompilerIdCXX/a.out"

Determining if the C compiler works passed with the following output:
Change Dir: /home/life/Desktop/dev/Crowny/Crowny/Dependencies/openal-soft/CMakeFiles/CMakeTmp

Run Build Command(s):/usr/bin/make cmTC_fc2da/fast && /usr/bin/make -f CMakeFiles/cmTC_fc2da.dir/build.make CMakeFiles/cmTC_fc2da.dir/build
make[1]: Entering directory '/home/life/Desktop/dev/Crowny/Crowny/Dependencies/openal-soft/CMakeFiles/CMakeTmp'
Building C object CMakeFiles/cmTC_fc2da.dir/testCCompiler.c.o
/usr/bin/cc    -o CMakeFiles/cmTC_fc2da.dir/testCCompiler.c.o   -c /home/life/Desktop/dev/Crowny/Crowny/Dependencies/openal-soft/CMakeFiles/CMakeTmp/testCCompiler.c
Linking C executable cmTC_fc2da
/usr/bin/cmake -E cmake_link_script CMakeFiles/cmTC_fc2da.dir/link.txt --verbose=1
/usr/bin/cc      -rdynamic CMakeFiles/cmTC_fc2da.dir/testCCompiler.c.o  -o cmTC_fc2da 
make[1]: Leaving directory '/home/life/Desktop/dev/Crowny/Crowny/Dependencies/openal-soft/CMakeFiles/CMakeTmp'



Detecting C compiler ABI info compiled with the following output:
Change Dir: /home/life/Desktop/dev/Crowny/Crowny/Dependencies/openal-soft/CMakeFiles/CMakeTmp

Run Build Command(s):/usr/bin/make cmTC_fdd2f/fast && /usr/bin/make -f CMakeFiles/cmTC_fdd2f.dir/build.make CMakeFiles/cmTC_fdd2f.dir/build
make[1]: Entering directory '/home/life/Desktop/dev/Crowny/Crowny/Dependencies/openal-soft/CMakeFiles/CMakeTmp'
Building C object CMakeFiles/cmTC_fdd2f.dir/CMakeCCompilerABI.c.o
/usr/bin/cc   -v -o CMakeFiles/cmTC_fdd2f.dir/CMakeCCompilerABI.c.o   -c /usr/share/cmake-3.16/Modules/CMakeCCompilerABI.c
Using built-in specs.
COLLECT_GCC=/usr/bin/cc
OFFLOAD_TARGET_NAMES=nvptx-none:hsa
OFFLOAD_TARGET_DEFAULT=1
Target: x86_64-linux-gnu
Configured with: ../src/configure -v --with-pkgversion='Ubuntu 9.3.0-17ubuntu1~20.04' --with-bugurl=file:///usr/share/doc/gcc-9/README.Bugs --enable-languages=c,ada,c++,go,brig,d,fortran,objc,obj-c++,gm2 --prefix=/usr --with-gcc-major-version-only --program-suffix=-9 --program-prefix=x86_64-linux-gnu- --enable-shared --enable-linker-build-id --libexecdir=/usr/lib --without-included-gettext --enable-threads=posix --libdir=/usr/lib --enable-nls --enable-clocale=gnu --enable-libstdcxx-debug --enable-libstdcxx-time=yes --with-default-libstdcxx-abi=new --enable-gnu-unique-object --disable-vtable-verify --enable-plugin --enable-default-pie --with-system-zlib --with-target-system-zlib=auto --enable-objc-gc=auto --enable-multiarch --disable-werror --with-arch-32=i686 --with-abi=m64 --with-multilib-list=m32,m64,mx32 --enable-multilib --with-tune=generic --enable-offload-targets=nvptx-none=/build/gcc-9-HskZEa/gcc-9-9.3.0/debian/tmp-nvptx/usr,hsa --without-cuda-driver --enable-checking=release --build=x86_64-linux-gnu --host=x86_64-linux-gnu --target=x86_64-linux-gnu
Thread model: posix
gcc version 9.3.0 (Ubuntu 9.3.0-17ubuntu1~20.04) 
COLLECT_GCC_OPTIONS='-v' '-o' 'CMakeFiles/cmTC_fdd2f.dir/CMakeCCompilerABI.c.o' '-c' '-mtune=generic' '-march=x86-64'
 /usr/lib/gcc/x86_64-linux-gnu/9/cc1 -quiet -v -imultiarch x86_64-linux-gnu /usr/share/cmake-3.16/Modules/CMakeCCompilerABI.c -quiet -dumpbase CMakeCCompilerABI.c -mtune=generic -march=x86-64 -auxbase-strip CMakeFiles/cmTC_fdd2f.dir/CMakeCCompilerABI.c.o -version -fasynchronous-unwind-tables -fstack-protector-strong -Wformat -Wformat-security -fstack-clash-protection -fcf-protection -o /tmp/ccquSEZA.s
GNU C17 (Ubuntu 9.3.0-17ubuntu1~20.04) version 9.3.0 (x86_64-linux-gnu)
	compiled by GNU C version 9.3.0, GMP version 6.2.0, MPFR version 4.0.2, MPC version 1.1.0, isl version isl-0.22.1-GMP

GGC heuristics: --param ggc-min-expand=100 --param ggc-min-heapsize=131072
ignoring nonexistent directory "/usr/local/include/x86_64-linux-gnu"
ignoring nonexistent directory "/usr/lib/gcc/x86_64-linux-gnu/9/include-fixed"
ignoring nonexistent directory "/usr/lib/gcc/x86_64-linux-gnu/9/../../../../x86_64-linux-gnu/include"
#include "..." search starts here:
#include <...> search starts here:
 /usr/lib/gcc/x86_64-linux-gnu/9/include
 /usr/local/include
 /usr/include/x86_64-linux-gnu
 /usr/include
End of search list.
GNU C17 (Ubuntu 9.3.0-17ubuntu1~20.04) version 9.3.0 (x86_64-linux-gnu)
	compiled by GNU C version 9.3.0, GMP version 6.2.0, MPFR version 4.0.2, MPC version 1.1.0, isl version isl-0.22.1-GMP

GGC heuristics: --param ggc-min-expand=100 --param ggc-min-heapsize=131072
Compiler executable checksum: bbf13931d8de1abe14040c9909cb6969
COLLECT_GCC_OPTIONS='-v' '-o' 'CMakeFiles/cmTC_fdd2f.dir/CMakeCCompilerABI.c.o' '-c' '-mtune=generic' '-march=x86-64'
 as -v --64 -o CMakeFiles/cmTC_fdd2f.dir/CMakeCCompilerABI.c.o /tmp/ccquSEZA.s
GNU assembler version 2.34 (x86_64-linux-gnu) using BFD version (GNU Binutils for Ubuntu) 2.34
COMPILER_PATH=/usr/lib/gcc/x86_64-linux-gnu/9/:/usr/lib/gcc/x86_64-linux-gnu/9/:/usr/lib/gcc/x86_64-linux-gnu/:/usr/lib/gcc/x86_64-linux-gnu/9/:/usr/lib/gcc/x86_64-linux-gnu/
LIBRARY_PATH=/usr/lib/gcc/x86_64-linux-gnu/9/:/usr/lib/gcc/x86_64-linux-gnu/9/../../../x86_64-linux-gnu/:/usr/lib/gcc/x86_64-linux-gnu/9/../../../../lib/:/lib/x86_64-linux-gnu/:/lib/../lib/:/usr/lib/x86_64-linux-gnu/:/usr/lib/../lib/:/usr/lib/gcc/x86_64-linux-gnu/9/../../../:/lib/:/usr/lib/
COLLECT_GCC_OPTIONS='-v' '-o' 'CMakeFiles/cmTC_fdd2f.dir/CMakeCCompilerABI.c.o' '-c' '-mtune=generic' '-march=x86-64'
Linking C executable cmTC_fdd2f
/usr/bin/cmake -E cmake_link_script CMakeFiles/cmTC_fdd2f.dir/link.txt --verbose=1
/usr/bin/cc     -v -rdynamic CMakeFiles/cmTC_fdd2f.dir/CMakeCCompilerABI.c.o  -o cmTC_fdd2f 
Using built-in specs.
COLLECT_GCC=/usr/bin/cc
COLLECT_LTO_WRAPPER=/usr/lib/gcc/x86_64-linux-gnu/9/lto-wrapper
OFFLOAD_TARGET_NAMES=nvptx-none:hsa
OFFLOAD_TARGET_DEFAULT=1
Target: x86_64-linux-gnu
Configured with: ../src/configure -v --with-pkgversion='Ubuntu 9.3.0-17ubuntu1~20.04' --with-bugurl=file:///usr/share/doc/gcc-9/README.Bugs --enable-languages=c,ada,c++,go,brig,d,fortran,objc,obj-c++,gm2 --prefix=/usr --with-gcc-major-version-only --program-suffix=-9 --program-prefix=x86_64-linux-gnu- --enable-shared --enable-linker-build-id --libexecdir=/usr/lib --without-included-gettext --enable-threads=posix --libdir=/usr/lib --enable-nls --enable-clocale=gnu --enable-libstdcxx-debug --enable-libstdcxx-time=yes --with-default-libstdcxx-abi=new --enable-gnu-unique-object --disable-vtable-verify --enable-plugin --enable-default-pie --with-system-zlib --with-target-system-zlib=auto --enable-objc-gc=auto --enable-multiarch --disable-werror --with-arch-32=i686 --with-abi=m64 --with-multilib-list=m32,m64,mx32 --enable-multilib --with-tune=generic --enable-offload-targets=nvptx-none=/build/gcc-9-HskZEa/gcc-9-9.3.0/debian/tmp-nvptx/usr,hsa --without-cuda-driver --enable-checking=release --build=x86_64-linux-gnu --host=x86_64-linux-gnu --target=x86_64-linux-gnu
Thread model: posix
gcc version 9.3.0 (Ubuntu 9.3.0-17ubuntu1~20.04) 
COMPILER_PATH=/usr/lib/gcc/x86_64-linux-gnu/9/:/usr/lib/gcc/x86_64-linux-gnu/9/:/usr/lib/gcc/x86_64-linux-gnu/:/usr/lib/gcc/x86_64-linux-gnu/9/:/usr/lib/gcc/x86_64-linux-gnu/
LIBRARY_PATH=/usr/lib/gcc/x86_64-linux-gnu/9/:/usr/lib/gcc/x86_64-linux-gnu/9/../../../x86_64-linux-gnu/:/usr/lib/gcc/x86_64-linux-gnu/9/../../../../lib/:/lib/x86_64-linux-gnu/:/lib/../lib/:/usr/lib/x86_64-linux-gnu/:/usr/lib/../lib/:/usr/lib/gcc/x86_64-linux-gnu/9/../../../:/lib/:/usr/lib/
COLLECT_GCC_OPTIONS='-v' '-rdynamic' '-o' 'cmTC_fdd2f' '-mtune=generic' '-march=x86-64'
 /usr/lib/gcc/x86_64-linux-gnu/9/collect2 -plugin /usr/lib/gcc/x86_64-linux-gnu/9/liblto_plugin.so -plugin-opt=/usr/lib/gcc/x86_64-linux-gnu/9/lto-wrapper -plugin-opt=-fresolution=/tmp/ccL6aUm4.res -plugin-opt=-pass-through=-lgcc -plugin-opt=-pass-through=-lgcc_s -plugin-opt=-pass-through=-lc -plugin-opt=-pass-through=-lgcc -plugin-opt=-pass-through=-lgcc_s --build-id --eh-frame-hdr -m elf_x86_64 --hash-style=gnu --as-needed -export-dynamic -dynamic-linker /lib64/ld-linux-x86-64.so.2 -pie -z now -z relro -o cmTC_fdd2f /usr/lib/gcc/x86_64-linux-gnu/9/../../../x86_64-linux-gnu/Scrt1.o /usr/lib/gcc/x86_64-linux-gnu/9/../../../x86_64-linux-gnu/crti.o /usr/lib/gcc/x86_64-linux-gnu/9/crtbeginS.o -L/usr/lib/gcc/x86_64-linux-gnu/9 -L/usr/lib/gcc/x86_64-linux-gnu/9/../../../x86_64-linux-gnu -L/usr/lib/gcc/x86_64-linux-gnu/9/../../../../lib -L/lib/x86_64-linux-gnu -L/lib/../lib -L/usr/lib/x86_64-linux-gnu -L/usr/lib/../lib -L/usr/lib/gcc/x86_64-linux-gnu/9/../../.. CMakeFiles/cmTC_fdd2f.dir/CMakeCCompilerABI.c.o -lgcc --push-state --as-needed -lgcc_s --pop-state -lc -lgcc --push-state --as-needed -lgcc_s --pop-state /usr/lib/gcc/x86_64-linux-gnu/9/crtendS.o /usr/lib/gcc/x86_64-linux-gnu/9/../../../x86_64-linux-gnu/crtn.o
COLLECT_GCC_OPTIONS='-v' '-rdynamic' '-o' 'cmTC_fdd2f' '-mtune=generic' '-march=x86-64'
make[1]: Leaving directory '/home/life/Desktop/dev/Crowny/Crowny/Dependencies/openal-soft/CMakeFiles/CMakeTmp'



Parsed C implicit include dir info from above output: rv=done
  found start of include info
  found start of implicit include info
    add: [/usr/lib/gcc/x86_64-linux-gnu/9/include]
    add: [/usr/local/include]
    add: [/usr/include/x86_64-linux-gnu]
    add: [/usr/include]
  end of search list found
  collapse include dir [/usr/lib/gcc/x86_64-linux-gnu/9/include] ==> [/usr/lib/gcc/x86_64-linux-gnu/9/include]
  collapse include dir [/usr/local/include] ==> [/usr/local/include]
  collapse include dir [/usr/include/x86_64-linux-gnu] ==> [/usr/include/x86_64-linux-gnu]
  collapse include dir [/usr/include] ==> [/usr/include]
  implicit include dirs: [/usr/lib/gcc/x86_64-linux-gnu/9/include;/usr/local/include;/usr/include/x86_64-linux-gnu;/usr/include]


Parsed C implicit link information from above output:
  link line regex: [^( *|.*[/\])(ld|CMAKE_LINK_STARTFILE-NOTFOUND|([^/\]+-)?ld|collect2)[^/\]*( |$)]
  ignore line: [Change Dir: /home/life/Desktop/dev/Crowny/Crowny/Dependencies/openal-soft/CMakeFiles/CMakeTmp]
  ignore line: []
  ignore line: [Run Build Command(s):/usr/bin/make cmTC_fdd2f/fast && /usr/bin/make -f CMakeFiles/cmTC_fdd2f.dir/build.make CMakeFiles/cmTC_fdd2f.dir/build]
  ignore line: [make[1]: Entering directory '/home/life/Desktop/dev/Crowny/Crowny/Dependencies/openal-soft/CMakeFiles/CMakeTmp']
  ignore line: [Building C object CMakeFiles/cmTC_fdd2f.dir/CMakeCCompilerABI.c.o]
  ignore line: [/usr/bin/cc   -v -o CMakeFiles/cmTC_fdd2f.dir/CMakeCCompilerABI.c.o   -c /usr/share/cmake-3.16/Modules/CMakeCCompilerABI.c]
  ignore line: [Using built-in specs.]
  ignore line: [COLLECT_GCC=/usr/bin/cc]
  ignore line: [OFFLOAD_TARGET_NAMES=nvptx-none:hsa]
  ignore line: [OFFLOAD_TARGET_DEFAULT=1]
  ignore line: [Target: x86_64-linux-gnu]
  ignore line: [Configured with: ../src/configure -v --with-pkgversion='Ubuntu 9.3.0-17ubuntu1~20.04' --with-bugurl=file:///usr/share/doc/gcc-9/README.Bugs --enable-languages=c ada c++ go brig d fortran objc obj-c++ gm2 --prefix=/usr --with-gcc-major-version-only --program-suffix=-9 --program-prefix=x86_64-linux-gnu- --enable-shared --enable-linker-build-id --libexecdir=/usr/lib --without-included-gettext --enable-threads=posix --libdir=/usr/lib --enable-nls --enable-clocale=gnu --enable-libstdcxx-debug --enable-libstdcxx-time=yes --with-default-libstdcxx-abi=new --enable-gnu-unique-object --disable-vtable-verify --enable-plugin --enable-default-pie --with-system-zlib --with-target-system-zlib=auto --enable-objc-gc=auto --enable-multiarch --disable-werror --with-arch-32=i686 --with-abi=m64 --with-multilib-list=m32 m64 mx32 --enable-multilib --with-tune=generic --enable-offload-targets=nvptx-none=/build/gcc-9-HskZEa/gcc-9-9.3.0/debian/tmp-nvptx/usr hsa --without-cuda-driver --enable-checking=release --build=x86_64-linux-gnu --host=x86_64-linux-gnu --target=x86_64-linux-gnu]
  ignore line: [Thread model: posix]
  ignore line: [gcc version 9.3.0 (Ubuntu 9.3.0-17ubuntu1~20.04) ]
  ignore line: [COLLECT_GCC_OPTIONS='-v' '-o' 'CMakeFiles/cmTC_fdd2f.dir/CMakeCCompilerABI.c.o' '-c' '-mtune=generic' '-march=x86-64']
  ignore line: [ /usr/lib/gcc/x86_64-linux-gnu/9/cc1 -quiet -v -imultiarch x86_64-linux-gnu /usr/share/cmake-3.16/Modules/CMakeCCompilerABI.c -quiet -dumpbase CMakeCCompilerABI.c -mtune=generic -march=x86-64 -auxbase-strip CMakeFiles/cmTC_fdd2f.dir/CMakeCCompilerABI.c.o -version -fasynchronous-unwind-tables -fstack-protector-strong -Wformat -Wformat-security -fstack-clash-protection -fcf-protection -o /tmp/ccquSEZA.s]
  ignore line: [GNU C17 (Ubuntu 9.3.0-17ubuntu1~20.04) version 9.3.0 (x86_64-linux-gnu)]
  ignore line: [	compiled by GNU C version 9.3.0  GMP version 6.2.0  MPFR version 4.0.2  MPC version 1.1.0  isl version isl-0.22.1-GMP]
  ignore line: []
  ignore line: [GGC heuristics: --param ggc-min-expand=100 --param ggc-min-heapsize=131072]
  ignore line: [ignoring nonexistent directory "/usr/local/include/x86_64-linux-gnu"]
  ignore line: [ignoring nonexistent directory "/usr/lib/gcc/x86_64-linux-gnu/9/include-fixed"]
  ignore line: [ignoring nonexistent directory "/usr/lib/gcc/x86_64-linux-gnu/9/../../../../x86_64-linux-gnu/include"]
  ignore line: [#include "..." search starts here:]
  ignore line: [#include <...> search starts here:]
  ignore line: [ /usr/lib/gcc/x86_64-linux-gnu/9/include]
  ignore line: [ /usr/local/include]
  ignore line: [ /usr/include/x86_64-linux-gnu]
  ignore line: [ /usr/include]
  ignore line: [End of search list.]
  ignore line: [GNU C17 (Ubuntu 9.3.0-17ubuntu1~20.04) version 9.3.0 (x86_64-linux-gnu)]
  ignore line: [	compiled by GNU C version 9.3.0  GMP version 6.2.0  MPFR version 4.0.2  MPC version 1.1.0  isl version isl-0.22.1-GMP]
  ignore line: []
  ignore line: [GGC heuristics: --param ggc-min-expand=100 --param ggc-min-heapsize=131072]
  ignore line: [Compiler executable checksum: bbf13931d8de1abe14040c9909cb6969]
  ignore line: [COLLECT_GCC_OPTIONS='-v' '-o' 'CMakeFiles/cmTC_fdd2f.dir/CMakeCCompilerABI.c.o' '-c' '-mtune=generic' '-march=x86-64']
  ignore line: [ as -v --64 -o CMakeFiles/cmTC_fdd2f.dir/CMakeCCompilerABI.c.o /tmp/ccquSEZA.s]
  ignore line: [GNU assembler version 2.34 (x86_64-linux-gnu) using BFD version (GNU Binutils for Ubuntu) 2.34]
  ignore line: [COMPILER_PATH=/usr/lib/gcc/x86_64-linux-gnu/9/:/usr/lib/gcc/x86_64-linux-gnu/9/:/usr/lib/gcc/x86_64-linux-gnu/:/usr/lib/gcc/x86_64-linux-gnu/9/:/usr/lib/gcc/x86_64-linux-gnu/]
  ignore line: [LIBRARY_PATH=/usr/lib/gcc/x86_64-linux-gnu/9/:/usr/lib/gcc/x86_64-linux-gnu/9/../../../x86_64-linux-gnu/:/usr/lib/gcc/x86_64-linux-gnu/9/../../../../lib/:/lib/x86_64-linux-gnu/:/lib/../lib/:/usr/lib/x86_64-linux-gnu/:/usr/lib/../lib/:/usr/lib/gcc/x86_64-linux-gnu/9/../../../:/lib/:/usr/lib/]
  ignore line: [COLLECT_GCC_OPTIONS='-v' '-o' 'CMakeFiles/cmTC_fdd2f.dir/CMakeCCompilerABI.c.o' '-c' '-mtune=generic' '-march=x86-64']
  ignore line: [Linking C executable cmTC_fdd2f]
  ignore line: [/usr/bin/cmake -E cmake_link_script CMakeFiles/cmTC_fdd2f.dir/link.txt --verbose=1]
  ignore line: [/usr/bin/cc     -v -rdynamic CMakeFiles/cmTC_fdd2f.dir/CMakeCCompilerABI.c.o  -o cmTC_fdd2f ]
  ignore line: [Using built-in specs.]
  ignore line: [COLLECT_GCC=/usr/bin/cc]
  ignore line: [COLLECT_LTO_WRAPPER=/usr/lib/gcc/x86_64-linux-gnu/9/lto-wrapper]
  ignore line: [OFFLOAD_TARGET_NAMES=nvptx-none:hsa]
  ignore line: [OFFLOAD_TARGET_DEFAULT=1]
  ignore line: [Target: x86_64-linux-gnu]
  ignore line: [Configured with: ../src/configure -v --with-pkgversion='Ubuntu 9.3.0-17ubuntu1~20.04' --with-bugurl=file:///usr/share/doc/gcc-9/README.Bugs --enable-languages=c ada c++ go brig d fortran objc obj-c++ gm2 --prefix=/usr --with-gcc-major-version-only --program-suffix=-9 --program-prefix=x86_64-linux-gnu- --enable-shared --enable-linker-build-id --libexecdir=/usr/lib --without-included-gettext --enable-threads=posix --libdir=/usr/lib --enable-nls --enable-clocale=gnu --enable-libstdcxx-debug --enable-libstdcxx-time=yes --with-default-libstdcxx-abi=new --enable-gnu-unique-object --disable-vtable-verify --enable-plugin --enable-default-pie --with-system-zlib --with-target-system-zlib=auto --enable-objc-gc=auto --enable-multiarch --disable-werror --with-arch-32=i686 --with-abi=m64 --with-multilib-list=m32 m64 mx32 --enable-multilib --with-tune=generic --enable-offload-targets=nvptx-none=/build/gcc-9-HskZEa/gcc-9-9.3.0/debian/tmp-nvptx/usr hsa --without-cuda-driver --enable-checking=release --build=x86_64-linux-gnu --host=x86_64-linux-gnu --target=x86_64-linux-gnu]
  ignore line: [Thread model: posix]
  ignore line: [gcc version 9.3.0 (Ubuntu 9.3.0-17ubuntu1~20.04) ]
  ignore line: [COMPILER_PATH=/usr/lib/gcc/x86_64-linux-gnu/9/:/usr/lib/gcc/x86_64-linux-gnu/9/:/usr/lib/gcc/x86_64-linux-gnu/:/usr/lib/gcc/x86_64-linux-gnu/9/:/usr/lib/gcc/x86_64-linux-gnu/]
  ignore line: [LIBRARY_PATH=/usr/lib/gcc/x86_64-linux-gnu/9/:/usr/lib/gcc/x86_64-linux-gnu/9/../../../x86_64-linux-gnu/:/usr/lib/gcc/x86_64-linux-gnu/9/../../../../lib/:/lib/x86_64-linux-gnu/:/lib/../lib/:/usr/lib/x86_64-linux-gnu/:/usr/lib/../lib/:/usr/lib/gcc/x86_64-linux-gnu/9/../../../:/lib/:/usr/lib/]
  ignore line: [COLLECT_GCC_OPTIONS='-v' '-rdynamic' '-o' 'cmTC_fdd2f' '-mtune=generic' '-march=x86-64']
  link line: [ /usr/lib/gcc/x86_64-linux-gnu/9/collect2 -plugin /usr/lib/gcc/x86_64-linux-gnu/9/liblto_plugin.so -plugin-opt=/usr/lib/gcc/x86_64-linux-gnu/9/lto-wrapper -plugin-opt=-fresolution=/tmp/ccL6aUm4.res -plugin-opt=-pass-through=-lgcc -plugin-opt=-pass-through=-lgcc_s -plugin-opt=-pass-through=-lc -plugin-opt=-pass-through=-lgcc -plugin-opt=-pass-through=-lgcc_s --build-id --eh-frame-hdr -m elf_x86_64 --hash-style=gnu --as-needed -export-dynamic -dynamic-linker /lib64/ld-linux-x86-64.so.2 -pie -z now -z relro -o cmTC_fdd2f /usr/lib/gcc/x86_64-linux-gnu/9/../../../x86_64-linux-gnu/Scrt1.o /usr/lib/gcc/x86_64-linux-gnu/9/../../../x86_64-linux-gnu/crti.o /usr/lib/gcc/x86_64-linux-gnu/9/crtbeginS.o -L/usr/lib/gcc/x86_64-linux-gnu/9 -L/usr/lib/gcc/x86_64-linux-gnu/9/../../../x86_64-linux-gnu -L/usr/lib/gcc/x86_64-linux-gnu/9/../../../../lib -L/lib/x86_64-linux-gnu -L/lib/../lib -L/usr/lib/x86_64-linux-gnu -L/usr/lib/../lib -L/usr/lib/gcc/x86_64-linux-gnu/9/../../.. CMakeFiles/cmTC_fdd2f.dir/CMakeCCompilerABI.c.o -lgcc --push-state --as-needed -lgcc_s --pop-state -lc -lgcc --push-state --as-needed -lgcc_s --pop-state /usr/lib/gcc/x86_64-linux-gnu/9/crtendS.o /usr/lib/gcc/x86_64-linux-gnu/9/../../../x86_64-linux-gnu/crtn.o]
    arg [/usr/lib/gcc/x86_64-linux-gnu/9/collect2] ==> ignore
    arg [-plugin] ==> ignore
    arg [/usr/lib/gcc/x86_64-linux-gnu/9/liblto_plugin.so] ==> ignore
    arg [-plugin-opt=/usr/lib/gcc/x86_64-linux-gnu/9/lto-wrapper] ==> ignore
    arg [-plugin-opt=-fresolution=/tmp/ccL6aUm4.res] ==> ignore
    arg [-plugin-opt=-pass-through=-lgcc] ==> ignore
    arg [-plugin-opt=-pass-through=-lgcc_s] ==> ignore
    arg [-plugin-opt=-pass-through=-lc] ==> ignore
    arg [-plugin-opt=-pass-through=-lgcc] ==> ignore
    arg [-plugin-opt=-pass-through=-lgcc_s] ==> ignore
    arg [--build-id] ==> ignore
    arg [--eh-frame-hdr] ==> ignore
    arg [-m] ==> ignore
    arg [elf_x86_64] ==> ignore
    arg [--hash-style=gnu] ==> ignore
    arg [--as-needed] ==> ignore
    arg [-export-dynamic] ==> ignore
    arg [-dynamic-linker] ==> ignore
    arg [/lib64/ld-linux-x86-64.so.2] ==> ignore
    arg [-pie] ==> ignore
    arg [-znow] ==> ignore
    arg [-zrelro] ==> ignore
    arg [-o] ==> ignore
    arg [cmTC_fdd2f] ==> ignore
    arg [/usr/lib/gcc/x86_64-linux-gnu/9/../../../x86_64-linux-gnu/Scrt1.o] ==> ignore
    arg [/usr/lib/gcc/x86_64-linux-gnu/9/../../../x86_64-linux-gnu/crti.o] ==> ignore
    arg [/usr/lib/gcc/x86_64-linux-gnu/9/crtbeginS.o] ==> ignore
    arg [-L/usr/lib/gcc/x86_64-linux-gnu/9] ==> dir [/usr/lib/gcc/x86_64-linux-gnu/9]
    arg [-L/usr/lib/gcc/x86_64-linux-gnu/9/../../../x86_64-linux-gnu] ==> dir [/usr/lib/gcc/x86_64-linux-gnu/9/../../../x86_64-linux-gnu]
    arg [-L/usr/lib/gcc/x86_64-linux-gnu/9/../../../../lib] ==> dir [/usr/lib/gcc/x86_64-linux-gnu/9/../../../../lib]
    arg [-L/lib/x86_64-linux-gnu] ==> dir [/lib/x86_64-linux-gnu]
    arg [-L/lib/../lib] ==> dir [/lib/../lib]
    arg [-L/usr/lib/x86_64-linux-gnu] ==> dir [/usr/lib/x86_64-linux-gnu]
    arg [-L/usr/lib/../lib] ==> dir [/usr/lib/../lib]
    arg [-L/usr/lib/gcc/x86_64-linux-gnu/9/../../..] ==> dir [/usr/lib/gcc/x86_64-linux-gnu/9/../../..]
    arg [CMakeFiles/cmTC_fdd2f.dir/CMakeCCompilerABI.c.o] ==> ignore
    arg [-lgcc] ==> lib [gcc]
    arg [--push-state] ==> ignore
    arg [--as-needed] ==> ignore
    arg [-lgcc_s] ==> lib [gcc_s]
    arg [--pop-state] ==> ignore
    arg [-lc] ==> lib [c]
    arg [-lgcc] ==> lib [gcc]
    arg [--push-state] ==> ignore
    arg [--as-needed] ==> ignore
    arg [-lgcc_s] ==> lib [gcc_s]
    arg [--pop-state] ==> ignore
    arg [/usr/lib/gcc/x86_64-linux-gnu/9/crtendS.o] ==> ignore
    arg [/usr/lib/gcc/x86_64-linux-gnu/9/../../../x86_64-linux-gnu/crtn.o] ==> ignore
  collapse library dir [/usr/lib/gcc/x86_64-linux-gnu/9] ==> [/usr/lib/gcc/x86_64-linux-gnu/9]
  collapse library dir [/usr/lib/gcc/x86_64-linux-gnu/9/../../../x86_64-linux-gnu] ==> [/usr/lib/x86_64-linux-gnu]
  collapse library dir [/usr/lib/gcc/x86_64-linux-gnu/9/../../../../lib] ==> [/usr/lib]
  collapse library dir [/lib/x86_64-linux-gnu] ==> [/lib/x86_64-linux-gnu]
  collapse library dir [/lib/../lib] ==> [/lib]
  collapse library dir [/usr/lib/x86_64-linux-gnu] ==> [/usr/lib/x86_64-linux-gnu]
  collapse library dir [/usr/lib/../lib] ==> [/usr/lib]
  collapse library dir [/usr/lib/gcc/x86_64-linux-gnu/9/../../..] ==> [/usr/lib]
  implicit libs: [gcc;gcc_s;c;gcc;gcc_s]
  implicit dirs: [/usr/lib/gcc/x86_64-linux-gnu/9;/usr/lib/x86_64-linux-gnu;/usr/lib;/lib/x86_64-linux-gnu;/lib]
  implicit fwks: []


Determining if the CXX compiler works passed with the following output:
Change Dir: /home/life/Desktop/dev/Crowny/Crowny/Dependencies/openal-soft/CMakeFiles/CMakeTmp

Run Build Command(s):/usr/bin/make cmTC_a7bc4/fast && /usr/bin/make -f CMakeFiles/cmTC_a7bc4.dir/build.make CMakeFiles/cmTC_a7bc4.dir/build
make[1]: Entering directory '/home/life/Desktop/dev/Crowny/Crowny/Dependencies/openal-soft/CMakeFiles/CMakeTmp'
Building CXX object CMakeFiles/cmTC_a7bc4.dir/testCXXCompiler.cxx.o
/usr/bin/c++     -o CMakeFiles/cmTC_a7bc4.dir/testCXXCompiler.cxx.o -c /home/life/Desktop/dev/Crowny/Crowny/Dependencies/openal-soft/CMakeFiles/CMakeTmp/testCXXCompiler.cxx
Linking CXX executable cmTC_a7bc4
/usr/bin/cmake -E cmake_link_script CMakeFiles/cmTC_a7bc4.dir/link.txt --verbose=1
/usr/bin/c++       -rdynamic CMakeFiles/cmTC_a7bc4.dir/testCXXCompiler.cxx.o  -o cmTC_a7bc4 
make[1]: Leaving directory '/home/life/Desktop/dev/Crowny/Crowny/Dependencies/openal-soft/CMakeFiles/CMakeTmp'



Detecting CXX compiler ABI info compiled with the following output:
Change Dir: /home/life/Desktop/dev/Crowny/Crowny/Dependencies/openal-soft/CMakeFiles/CMakeTmp

Run Build Command(s):/usr/bin/make cmTC_aec7b/fast && /usr/bin/make -f CMakeFiles/cmTC_aec7b.dir/build.make CMakeFiles/cmTC_aec7b.dir/build
make[1]: Entering directory '/home/life/Desktop/dev/Crowny/Crowny/Dependencies/openal-soft/CMakeFiles/CMakeTmp'
Building CXX object CMakeFiles/cmTC_aec7b.dir/CMakeCXXCompilerABI.cpp.o
/usr/bin/c++    -v -o CMakeFiles/cmTC_aec7b.dir/CMakeCXXCompilerABI.cpp.o -c /usr/share/cmake-3.16/Modules/CMakeCXXCompilerABI.cpp
Using built-in specs.
COLLECT_GCC=/usr/bin/c++
OFFLOAD_TARGET_NAMES=nvptx-none:hsa
OFFLOAD_TARGET_DEFAULT=1
Target: x86_64-linux-gnu
Configured with: ../src/configure -v --with-pkgversion='Ubuntu 9.3.0-17ubuntu1~20.04' --with-bugurl=file:///usr/share/doc/gcc-9/README.Bugs --enable-languages=c,ada,c++,go,brig,d,fortran,objc,obj-c++,gm2 --prefix=/usr --with-gcc-major-version-only --program-suffix=-9 --program-prefix=x86_64-linux-gnu- --enable-shared --enable-linker-build-id --libexecdir=/usr/lib --without-included-gettext --enable-threads=posix --libdir=/usr/lib --enable-nls --enable-clocale=gnu --enable-libstdcxx-debug --enable-libstdcxx-time=yes --with-default-libstdcxx-abi=new --enable-gnu-unique-object --disable-vtable-verify --enable-plugin --enable-default-pie --with-system-zlib --with-target-system-zlib=auto --enable-objc-gc=auto --enable-multiarch --disable-werror --with-arch-32=i686 --with-abi=m64 --with-multilib-list=m32,m64,mx32 --enable-multilib --with-tune=generic --enable-offload-targets=nvptx-none=/build/gcc-9-HskZEa/gcc-9-9.3.0/debian/tmp-nvptx/usr,hsa --without-cuda-driver --enable-checking=release --build=x86_64-linux-gnu --host=x86_64-linux-gnu --target=x86_64-linux-gnu
Thread model: posix
gcc version 9.3.0 (Ubuntu 9.3.0-17ubuntu1~20.04) 
COLLECT_GCC_OPTIONS='-v' '-o' 'CMakeFiles/cmTC_aec7b.dir/CMakeCXXCompilerABI.cpp.o' '-c' '-shared-libgcc' '-mtune=generic' '-march=x86-64'
 /usr/lib/gcc/x86_64-linux-gnu/9/cc1plus -quiet -v -imultiarch x86_64-linux-gnu -D_GNU_SOURCE /usr/share/cmake-3.16/Modules/CMakeCXXCompilerABI.cpp -quiet -dumpbase CMakeCXXCompilerABI.cpp -mtune=generic -march=x86-64 -auxbase-strip CMakeFiles/cmTC_aec7b.dir/CMakeCXXCompilerABI.cpp.o -version -fasynchronous-unwind-tables -fstack-protector-strong -Wformat -Wformat-security -fstack-clash-protection -fcf-protection -o /tmp/ccb2318x.s
GNU C++14 (Ubuntu 9.3.0-17ubuntu1~20.04) version 9.3.0 (x86_64-linux-gnu)
	compiled by GNU C version 9.3.0, GMP version 6.2.0, MPFR version 4.0.2, MPC version 1.1.0, isl version isl-0.22.1-GMP

GGC heuristics: --param ggc-min-expand=100 --param ggc-min-heapsize=131072
ignoring duplicate directory "/usr/include/x86_64-linux-gnu/c++/9"
ignoring nonexistent directory "/usr/local/include/x86_64-linux-gnu"
ignoring nonexistent directory "/usr/lib/gcc/x86_64-linux-gnu/9/include-fixed"
ignoring nonexistent directory "/usr/lib/gcc/x86_64-linux-gnu/9/../../../../x86_64-linux-gnu/include"
#include "..." search starts here:
#include <...> search starts here:
 /usr/include/c++/9
 /usr/include/x86_64-linux-gnu/c++/9
 /usr/include/c++/9/backward
 /usr/lib/gcc/x86_64-linux-gnu/9/include
 /usr/local/include
 /usr/include/x86_64-linux-gnu
 /usr/include
End of search list.
GNU C++14 (Ubuntu 9.3.0-17ubuntu1~20.04) version 9.3.0 (x86_64-linux-gnu)
	compiled by GNU C version 9.3.0, GMP version 6.2.0, MPFR version 4.0.2, MPC version 1.1.0, isl version isl-0.22.1-GMP

GGC heuristics: --param ggc-min-expand=100 --param ggc-min-heapsize=131072
Compiler executable checksum: 466f818abe2f30ba03783f22bd12d815
COLLECT_GCC_OPTIONS='-v' '-o' 'CMakeFiles/cmTC_aec7b.dir/CMakeCXXCompilerABI.cpp.o' '-c' '-shared-libgcc' '-mtune=generic' '-march=x86-64'
 as -v --64 -o CMakeFiles/cmTC_aec7b.dir/CMakeCXXCompilerABI.cpp.o /tmp/ccb2318x.s
GNU assembler version 2.34 (x86_64-linux-gnu) using BFD version (GNU Binutils for Ubuntu) 2.34
COMPILER_PATH=/usr/lib/gcc/x86_64-linux-gnu/9/:/usr/lib/gcc/x86_64-linux-gnu/9/:/usr/lib/gcc/x86_64-linux-gnu/:/usr/lib/gcc/x86_64-linux-gnu/9/:/usr/lib/gcc/x86_64-linux-gnu/
LIBRARY_PATH=/usr/lib/gcc/x86_64-linux-gnu/9/:/usr/lib/gcc/x86_64-linux-gnu/9/../../../x86_64-linux-gnu/:/usr/lib/gcc/x86_64-linux-gnu/9/../../../../lib/:/lib/x86_64-linux-gnu/:/lib/../lib/:/usr/lib/x86_64-linux-gnu/:/usr/lib/../lib/:/usr/lib/gcc/x86_64-linux-gnu/9/../../../:/lib/:/usr/lib/
COLLECT_GCC_OPTIONS='-v' '-o' 'CMakeFiles/cmTC_aec7b.dir/CMakeCXXCompilerABI.cpp.o' '-c' '-shared-libgcc' '-mtune=generic' '-march=x86-64'
Linking CXX executable cmTC_aec7b
/usr/bin/cmake -E cmake_link_script CMakeFiles/cmTC_aec7b.dir/link.txt --verbose=1
/usr/bin/c++      -v -rdynamic CMakeFiles/cmTC_aec7b.dir/CMakeCXXCompilerABI.cpp.o  -o cmTC_aec7b 
Using built-in specs.
COLLECT_GCC=/usr/bin/c++
COLLECT_LTO_WRAPPER=/usr/lib/gcc/x86_64-linux-gnu/9/lto-wrapper
OFFLOAD_TARGET_NAMES=nvptx-none:hsa
OFFLOAD_TARGET_DEFAULT=1
Target: x86_64-linux-gnu
Configured with: ../src/configure -v --with-pkgversion='Ubuntu 9.3.0-17ubuntu1~20.04' --with-bugurl=file:///usr/share/doc/gcc-9/README.Bugs --enable-languages=c,ada,c++,go,brig,d,fortran,objc,obj-c++,gm2 --prefix=/usr --with-gcc-major-version-only --program-suffix=-9 --program-prefix=x86_64-linux-gnu- --enable-shared --enable-linker-build-id --libexecdir=/usr/lib --without-included-gettext --enable-threads=posix --libdir=/usr/lib --enable-nls --enable-clocale=gnu --enable-libstdcxx-debug --enable-libstdcxx-time=yes --with-default-libstdcxx-abi=new --enable-gnu-unique-object --disable-vtable-verify --enable-plugin --enable-default-pie --with-system-zlib --with-target-system-zlib=auto --enable-objc-gc=auto --enable-multiarch --disable-werror --with-arch-32=i686 --with-abi=m64 --with-multilib-list=m32,m64,mx32 --enable-multilib --with-tune=generic --enable-offload-targets=nvptx-none=/build/gcc-9-HskZEa/gcc-9-9.3.0/debian/tmp-nvptx/usr,hsa --without-cuda-driver --enable-checking=release --build=x86_64-linux-gnu --host=x86_64-linux-gnu --target=x86_64-linux-gnu
Thread model: posix
gcc version 9.3.0 (Ubuntu 9.3.0-17ubuntu1~20.04) 
COMPILER_PATH=/usr/lib/gcc/x86_64-linux-gnu/9/:/usr/lib/gcc/x86_64-linux-gnu/9/:/usr/lib/gcc/x86_64-linux-gnu/:/usr/lib/gcc/x86_64-linux-gnu/9/:/usr/lib/gcc/x86_64-linux-gnu/
LIBRARY_PATH=/usr/lib/gcc/x86_64-linux-gnu/9/:/usr/lib/gcc/x86_64-linux-gnu/9/../../../x86_64-linux-gnu/:/usr/lib/gcc/x86_64-linux-gnu/9/../../../../lib/:/lib/x86_64-linux-gnu/:/lib/../lib/:/usr/lib/x86_64-linux-gnu/:/usr/lib/../lib/:/usr/lib/gcc/x86_64-linux-gnu/9/../../../:/lib/:/usr/lib/
COLLECT_GCC_OPTIONS='-v' '-rdynamic' '-o' 'cmTC_aec7b' '-shared-libgcc' '-mtune=generic' '-march=x86-64'
 /usr/lib/gcc/x86_64-linux-gnu/9/collect2 -plugin /usr/lib/gcc/x86_64-linux-gnu/9/liblto_plugin.so -plugin-opt=/usr/lib/gcc/x86_64-linux-gnu/9/lto-wrapper -plugin-opt=-fresolution=/tmp/ccoe1yC1.res -plugin-opt=-pass-through=-lgcc_s -plugin-opt=-pass-through=-lgcc -plugin-opt=-pass-through=-lc -plugin-opt=-pass-through=-lgcc_s -plugin-opt=-pass-through=-lgcc --build-id --eh-frame-hdr -m elf_x86_64 --hash-style=gnu --as-needed -export-dynamic -dynamic-linker /lib64/ld-linux-x86-64.so.2 -pie -z now -z relro -o cmTC_aec7b /usr/lib/gcc/x86_64-linux-gnu/9/../../../x86_64-linux-gnu/Scrt1.o /usr/lib/gcc/x86_64-linux-gnu/9/../../../x86_64-linux-gnu/crti.o /usr/lib/gcc/x86_64-linux-gnu/9/crtbeginS.o -L/usr/lib/gcc/x86_64-linux-gnu/9 -L/usr/lib/gcc/x86_64-linux-gnu/9/../../../x86_64-linux-gnu -L/usr/lib/gcc/x86_64-linux-gnu/9/../../../../lib -L/lib/x86_64-linux-gnu -L/lib/../lib -L/usr/lib/x86_64-linux-gnu -L/usr/lib/../lib -L/usr/lib/gcc/x86_64-linux-gnu/9/../../.. CMakeFiles/cmTC_aec7b.dir/CMakeCXXCompilerABI.cpp.o -lstdc++ -lm -lgcc_s -lgcc -lc -lgcc_s -lgcc /usr/lib/gcc/x86_64-linux-gnu/9/crtendS.o /usr/lib/gcc/x86_64-linux-gnu/9/../../../x86_64-linux-gnu/crtn.o
COLLECT_GCC_OPTIONS='-v' '-rdynamic' '-o' 'cmTC_aec7b' '-shared-libgcc' '-mtune=generic' '-march=x86-64'
make[1]: Leaving directory '/home/life/Desktop/dev/Crowny/Crowny/Dependencies/openal-soft/CMakeFiles/CMakeTmp'



Parsed CXX implicit include dir info from above output: rv=done
  found start of include info
  found start of implicit include info
    add: [/usr/include/c++/9]
    add: [/usr/include/x86_64-linux-gnu/c++/9]
    add: [/usr/include/c++/9/backward]
    add: [/usr/lib/gcc/x86_64-linux-gnu/9/include]
    add: [/usr/local/include]
    add: [/usr/include/x86_64-linux-gnu]
    add: [/usr/include]
  end of search list found
  collapse include dir [/usr/include/c++/9] ==> [/usr/include/c++/9]
  collapse include dir [/usr/include/x86_64-linux-gnu/c++/9] ==> [/usr/include/x86_64-linux-gnu/c++/9]
  collapse include dir [/usr/include/c++/9/backward] ==> [/usr/include/c++/9/backward]
  collapse include dir [/usr/lib/gcc/x86_64-linux-gnu/9/include] ==> [/usr/lib/gcc/x86_64-linux-gnu/9/include]
  collapse include dir [/usr/local/include] ==> [/usr/local/include]
  collapse include dir [/usr/include/x86_64-linux-gnu] ==> [/usr/include/x86_64-linux-gnu]
  collapse include dir [/usr/include] ==> [/usr/include]
  implicit include dirs: [/usr/include/c++/9;/usr/include/x86_64-linux-gnu/c++/9;/usr/include/c++/9/backward;/usr/lib/gcc/x86_64-linux-gnu/9/include;/usr/local/include;/usr/include/x86_64-linux-gnu;/usr/include]


Parsed CXX implicit link information from above output:
  link line regex: [^( *|.*[/\])(ld|CMAKE_LINK_STARTFILE-NOTFOUND|([^/\]+-)?ld|collect2)[^/\]*( |$)]
  ignore line: [Change Dir: /home/life/Desktop/dev/Crowny/Crowny/Dependencies/openal-soft/CMakeFiles/CMakeTmp]
  ignore line: []
  ignore line: [Run Build Command(s):/usr/bin/make cmTC_aec7b/fast && /usr/bin/make -f CMakeFiles/cmTC_aec7b.dir/build.make CMakeFiles/cmTC_aec7b.dir/build]
  ignore line: [make[1]: Entering directory '/home/life/Desktop/dev/Crowny/Crowny/Dependencies/openal-soft/CMakeFiles/CMakeTmp']
  ignore line: [Building CXX object CMakeFiles/cmTC_aec7b.dir/CMakeCXXCompilerABI.cpp.o]
  ignore line: [/usr/bin/c++    -v -o CMakeFiles/cmTC_aec7b.dir/CMakeCXXCompilerABI.cpp.o -c /usr/share/cmake-3.16/Modules/CMakeCXXCompilerABI.cpp]
  ignore line: [Using built-in specs.]
  ignore line: [COLLECT_GCC=/usr/bin/c++]
  ignore line: [OFFLOAD_TARGET_NAMES=nvptx-none:hsa]
  ignore line: [OFFLOAD_TARGET_DEFAULT=1]
  ignore line: [Target: x86_64-linux-gnu]
  ignore line: [Configured with: ../src/configure -v --with-pkgversion='Ubuntu 9.3.0-17ubuntu1~20.04' --with-bugurl=file:///usr/share/doc/gcc-9/README.Bugs --enable-languages=c ada c++ go brig d fortran objc obj-c++ gm2 --prefix=/usr --with-gcc-major-version-only --program-suffix=-9 --program-prefix=x86_64-linux-gnu- --enable-shared --enable-linker-build-id --libexecdir=/usr/lib --without-included-gettext --enable-threads=posix --libdir=/usr/lib --enable-nls --enable-clocale=gnu --enable-libstdcxx-debug --enable-libstdcxx-time=yes --with-default-libstdcxx-abi=new --enable-gnu-unique-object --disable-vtable-verify --enable-plugin --enable-default-pie --with-system-zlib --with-target-system-zlib=auto --enable-objc-gc=auto --enable-multiarch --disable-werror --with-arch-32=i686 --with-abi=m64 --with-multilib-list=m32 m64 mx32 --enable-multilib --with-tune=generic --enable-offload-targets=nvptx-none=/build/gcc-9-HskZEa/gcc-9-9.3.0/debian/tmp-nvptx/usr hsa --without-cuda-driver --enable-checking=release --build=x86_64-linux-gnu --host=x86_64-linux-gnu --target=x86_64-linux-gnu]
  ignore line: [Thread model: posix]
  ignore line: [gcc version 9.3.0 (Ubuntu 9.3.0-17ubuntu1~20.04) ]
  ignore line: [COLLECT_GCC_OPTIONS='-v' '-o' 'CMakeFiles/cmTC_aec7b.dir/CMakeCXXCompilerABI.cpp.o' '-c' '-shared-libgcc' '-mtune=generic' '-march=x86-64']
  ignore line: [ /usr/lib/gcc/x86_64-linux-gnu/9/cc1plus -quiet -v -imultiarch x86_64-linux-gnu -D_GNU_SOURCE /usr/share/cmake-3.16/Modules/CMakeCXXCompilerABI.cpp -quiet -dumpbase CMakeCXXCompilerABI.cpp -mtune=generic -march=x86-64 -auxbase-strip CMakeFiles/cmTC_aec7b.dir/CMakeCXXCompilerABI.cpp.o -version -fasynchronous-unwind-tables -fstack-protector-strong -Wformat -Wformat-security -fstack-clash-protection -fcf-protection -o /tmp/ccb2318x.s]
  ignore line: [GNU C++14 (Ubuntu 9.3.0-17ubuntu1~20.04) version 9.3.0 (x86_64-linux-gnu)]
  ignore line: [	compiled by GNU C version 9.3.0  GMP version 6.2.0  MPFR version 4.0.2  MPC version 1.1.0  isl version isl-0.22.1-GMP]
  ignore line: []
  ignore line: [GGC heuristics: --param ggc-min-expand=100 --param ggc-min-heapsize=131072]
  ignore line: [ignoring duplicate directory "/usr/include/x86_64-linux-gnu/c++/9"]
  ignore line: [ignoring nonexistent directory "/usr/local/include/x86_64-linux-gnu"]
  ignore line: [ignoring nonexistent directory "/usr/lib/gcc/x86_64-linux-gnu/9/include-fixed"]
  ignore line: [ignoring nonexistent directory "/usr/lib/gcc/x86_64-linux-gnu/9/../../../../x86_64-linux-gnu/include"]
  ignore line: [#include "..." search starts here:]
  ignore line: [#include <...> search starts here:]
  ignore line: [ /usr/include/c++/9]
  ignore line: [ /usr/include/x86_64-linux-gnu/c++/9]
  ignore line: [ /usr/include/c++/9/backward]
  ignore line: [ /usr/lib/gcc/x86_64-linux-gnu/9/include]
  ignore line: [ /usr/local/include]
  ignore line: [ /usr/include/x86_64-linux-gnu]
  ignore line: [ /usr/include]
  ignore line: [End of search list.]
  ignore line: [GNU C++14 (Ubuntu 9.3.0-17ubuntu1~20.04) version 9.3.0 (x86_64-linux-gnu)]
  ignore line: [	compiled by GNU C version 9.3.0  GMP version 6.2.0  MPFR version 4.0.2  MPC version 1.1.0  isl version isl-0.22.1-GMP]
  ignore line: []
  ignore line: [GGC heuristics: --param ggc-min-expand=100 --param ggc-min-heapsize=131072]
  ignore line: [Compiler executable checksum: 466f818abe2f30ba03783f22bd12d815]
  ignore line: [COLLECT_GCC_OPTIONS='-v' '-o' 'CMakeFiles/cmTC_aec7b.dir/CMakeCXXCompilerABI.cpp.o' '-c' '-shared-libgcc' '-mtune=generic' '-march=x86-64']
  ignore line: [ as -v --64 -o CMakeFiles/cmTC_aec7b.dir/CMakeCXXCompilerABI.cpp.o /tmp/ccb2318x.s]
  ignore line: [GNU assembler version 2.34 (x86_64-linux-gnu) using BFD version (GNU Binutils for Ubuntu) 2.34]
  ignore line: [COMPILER_PATH=/usr/lib/gcc/x86_64-linux-gnu/9/:/usr/lib/gcc/x86_64-linux-gnu/9/:/usr/lib/gcc/x86_64-linux-gnu/:/usr/lib/gcc/x86_64-linux-gnu/9/:/usr/lib/gcc/x86_64-linux-gnu/]
  ignore line: [LIBRARY_PATH=/usr/lib/gcc/x86_64-linux-gnu/9/:/usr/lib/gcc/x86_64-linux-gnu/9/../../../x86_64-linux-gnu/:/usr/lib/gcc/x86_64-linux-gnu/9/../../../../lib/:/lib/x86_64-linux-gnu/:/lib/../lib/:/usr/lib/x86_64-linux-gnu/:/usr/lib/../lib/:/usr/lib/gcc/x86_64-linux-gnu/9/../../../:/lib/:/usr/lib/]
  ignore line: [COLLECT_GCC_OPTIONS='-v' '-o' 'CMakeFiles/cmTC_aec7b.dir/CMakeCXXCompilerABI.cpp.o' '-c' '-shared-libgcc' '-mtune=generic' '-march=x86-64']
  ignore line: [Linking CXX executable cmTC_aec7b]
  ignore line: [/usr/bin/cmake -E cmake_link_script CMakeFiles/cmTC_aec7b.dir/link.txt --verbose=1]
  ignore line: [/usr/bin/c++      -v -rdynamic CMakeFiles/cmTC_aec7b.dir/CMakeCXXCompilerABI.cpp.o  -o cmTC_aec7b ]
  ignore line: [Using built-in specs.]
  ignore line: [COLLECT_GCC=/usr/bin/c++]
  ignore line: [COLLECT_LTO_WRAPPER=/usr/lib/gcc/x86_64-linux-gnu/9/lto-wrapper]
  ignore line: [OFFLOAD_TARGET_NAMES=nvptx-none:hsa]
  ignore line: [OFFLOAD_TARGET_DEFAULT=1]
  ignore line: [Target: x86_64-linux-gnu]
  ignore line: [Configured with: ../src/configure -v --with-pkgversion='Ubuntu 9.3.0-17ubuntu1~20.04' --with-bugurl=file:///usr/share/doc/gcc-9/README.Bugs --enable-languages=c ada c++ go brig d fortran objc obj-c++ gm2 --prefix=/usr --with-gcc-major-version-only --program-suffix=-9 --program-prefix=x86_64-linux-gnu- --enable-shared --enable-linker-build-id --libexecdir=/usr/lib --without-included-gettext --enable-threads=posix --libdir=/usr/lib --enable-nls --enable-clocale=gnu --enable-libstdcxx-debug --enable-libstdcxx-time=yes --with-default-libstdcxx-abi=new --enable-gnu-unique-object --disable-vtable-verify --enable-plugin --enable-default-pie --with-system-zlib --with-target-system-zlib=auto --enable-objc-gc=auto --enable-multiarch --disable-werror --with-arch-32=i686 --with-abi=m64 --with-multilib-list=m32 m64 mx32 --enable-multilib --with-tune=generic --enable-offload-targets=nvptx-none=/build/gcc-9-HskZEa/gcc-9-9.3.0/debian/tmp-nvptx/usr hsa --without-cuda-driver --enable-checking=release --build=x86_64-linux-gnu --host=x86_64-linux-gnu --target=x86_64-linux-gnu]
  ignore line: [Thread model: posix]
  ignore line: [gcc version 9.3.0 (Ubuntu 9.3.0-17ubuntu1~20.04) ]
  ignore line: [COMPILER_PATH=/usr/lib/gcc/x86_64-linux-gnu/9/:/usr/lib/gcc/x86_64-linux-gnu/9/:/usr/lib/gcc/x86_64-linux-gnu/:/usr/lib/gcc/x86_64-linux-gnu/9/:/usr/lib/gcc/x86_64-linux-gnu/]
  ignore line: [LIBRARY_PATH=/usr/lib/gcc/x86_64-linux-gnu/9/:/usr/lib/gcc/x86_64-linux-gnu/9/../../../x86_64-linux-gnu/:/usr/lib/gcc/x86_64-linux-gnu/9/../../../../lib/:/lib/x86_64-linux-gnu/:/lib/../lib/:/usr/lib/x86_64-linux-gnu/:/usr/lib/../lib/:/usr/lib/gcc/x86_64-linux-gnu/9/../../../:/lib/:/usr/lib/]
  ignore line: [COLLECT_GCC_OPTIONS='-v' '-rdynamic' '-o' 'cmTC_aec7b' '-shared-libgcc' '-mtune=generic' '-march=x86-64']
  link line: [ /usr/lib/gcc/x86_64-linux-gnu/9/collect2 -plugin /usr/lib/gcc/x86_64-linux-gnu/9/liblto_plugin.so -plugin-opt=/usr/lib/gcc/x86_64-linux-gnu/9/lto-wrapper -plugin-opt=-fresolution=/tmp/ccoe1yC1.res -plugin-opt=-pass-through=-lgcc_s -plugin-opt=-pass-through=-lgcc -plugin-opt=-pass-through=-lc -plugin-opt=-pass-through=-lgcc_s -plugin-opt=-pass-through=-lgcc --build-id --eh-frame-hdr -m elf_x86_64 --hash-style=gnu --as-needed -export-dynamic -dynamic-linker /lib64/ld-linux-x86-64.so.2 -pie -z now -z relro -o cmTC_aec7b /usr/lib/gcc/x86_64-linux-gnu/9/../../../x86_64-linux-gnu/Scrt1.o /usr/lib/gcc/x86_64-linux-gnu/9/../../../x86_64-linux-gnu/crti.o /usr/lib/gcc/x86_64-linux-gnu/9/crtbeginS.o -L/usr/lib/gcc/x86_64-linux-gnu/9 -L/usr/lib/gcc/x86_64-linux-gnu/9/../../../x86_64-linux-gnu -L/usr/lib/gcc/x86_64-linux-gnu/9/../../../../lib -L/lib/x86_64-linux-gnu -L/lib/../lib -L/usr/lib/x86_64-linux-gnu -L/usr/lib/../lib -L/usr/lib/gcc/x86_64-linux-gnu/9/../../.. CMakeFiles/cmTC_aec7b.dir/CMakeCXXCompilerABI.cpp.o -lstdc++ -lm -lgcc_s -lgcc -lc -lgcc_s -lgcc /usr/lib/gcc/x86_64-linux-gnu/9/crtendS.o /usr/lib/gcc/x86_64-linux-gnu/9/../../../x86_64-linux-gnu/crtn.o]
    arg [/usr/lib/gcc/x86_64-linux-gnu/9/collect2] ==> ignore
    arg [-plugin] ==> ignore
    arg [/usr/lib/gcc/x86_64-linux-gnu/9/liblto_plugin.so] ==> ignore
    arg [-plugin-opt=/usr/lib/gcc/x86_64-linux-gnu/9/lto-wrapper] ==> ignore
    arg [-plugin-opt=-fresolution=/tmp/ccoe1yC1.res] ==> ignore
    arg [-plugin-opt=-pass-through=-lgcc_s] ==> ignore
    arg [-plugin-opt=-pass-through=-lgcc] ==> ignore
    arg [-plugin-opt=-pass-through=-lc] ==> ignore
    arg [-plugin-opt=-pass-through=-lgcc_s] ==> ignore
    arg [-plugin-opt=-pass-through=-lgcc] ==> ignore
    arg [--build-id] ==> ignore
    arg [--eh-frame-hdr] ==> ignore
    arg [-m] ==> ignore
    arg [elf_x86_64] ==> ignore
    arg [--hash-style=gnu] ==> ignore
    arg [--as-needed] ==> ignore
    arg [-export-dynamic] ==> ignore
    arg [-dynamic-linker] ==> ignore
    arg [/lib64/ld-linux-x86-64.so.2] ==> ignore
    arg [-pie] ==> ignore
    arg [-znow] ==> ignore
    arg [-zrelro] ==> ignore
    arg [-o] ==> ignore
    arg [cmTC_aec7b] ==> ignore
    arg [/usr/lib/gcc/x86_64-linux-gnu/9/../../../x86_64-linux-gnu/Scrt1.o] ==> ignore
    arg [/usr/lib/gcc/x86_64-linux-gnu/9/../../../x86_64-linux-gnu/crti.o] ==> ignore
    arg [/usr/lib/gcc/x86_64-linux-gnu/9/crtbeginS.o] ==> ignore
    arg [-L/usr/lib/gcc/x86_64-linux-gnu/9] ==> dir [/usr/lib/gcc/x86_64-linux-gnu/9]
    arg [-L/usr/lib/gcc/x86_64-linux-gnu/9/../../../x86_64-linux-gnu] ==> dir [/usr/lib/gcc/x86_64-linux-gnu/9/../../../x86_64-linux-gnu]
    arg [-L/usr/lib/gcc/x86_64-linux-gnu/9/../../../../lib] ==> dir [/usr/lib/gcc/x86_64-linux-gnu/9/../../../../lib]
    arg [-L/lib/x86_64-linux-gnu] ==> dir [/lib/x86_64-linux-gnu]
    arg [-L/lib/../lib] ==> dir [/lib/../lib]
    arg [-L/usr/lib/x86_64-linux-gnu] ==> dir [/usr/lib/x86_64-linux-gnu]
    arg [-L/usr/lib/../lib] ==> dir [/usr/lib/../lib]
    arg [-L/usr/lib/gcc/x86_64-linux-gnu/9/../../..] ==> dir [/usr/lib/gcc/x86_64-linux-gnu/9/../../..]
    arg [CMakeFiles/cmTC_aec7b.dir/CMakeCXXCompilerABI.cpp.o] ==> ignore
    arg [-lstdc++] ==> lib [stdc++]
    arg [-lm] ==> lib [m]
    arg [-lgcc_s] ==> lib [gcc_s]
    arg [-lgcc] ==> lib [gcc]
    arg [-lc] ==> lib [c]
    arg [-lgcc_s] ==> lib [gcc_s]
    arg [-lgcc] ==> lib [gcc]
    arg [/usr/lib/gcc/x86_64-linux-gnu/9/crtendS.o] ==> ignore
    arg [/usr/lib/gcc/x86_64-linux-gnu/9/../../../x86_64-linux-gnu/crtn.o] ==> ignore
  collapse library dir [/usr/lib/gcc/x86_64-linux-gnu/9] ==> [/usr/lib/gcc/x86_64-linux-gnu/9]
  collapse library dir [/usr/lib/gcc/x86_64-linux-gnu/9/../../../x86_64-linux-gnu] ==> [/usr/lib/x86_64-linux-gnu]
  collapse library dir [/usr/lib/gcc/x86_64-linux-gnu/9/../../../../lib] ==> [/usr/lib]
  collapse library dir [/lib/x86_64-linux-gnu] ==> [/lib/x86_64-linux-gnu]
  collapse library dir [/lib/../lib] ==> [/lib]
  collapse library dir [/usr/lib/x86_64-linux-gnu] ==> [/usr/lib/x86_64-linux-gnu]
  collapse library dir [/usr/lib/../lib] ==> [/usr/lib]
  collapse library dir [/usr/lib/gcc/x86_64-linux-gnu/9/../../..] ==> [/usr/lib]
  implicit libs: [stdc++;m;gcc_s;gcc;c;gcc_s;gcc]
  implicit dirs: [/usr/lib/gcc/x86_64-linux-gnu/9;/usr/lib/x86_64-linux-gnu;/usr/lib;/lib/x86_64-linux-gnu;/lib]
  implicit fwks: []


Determining if the posix_memalign exist passed with the following output:
Change Dir: /home/life/Desktop/dev/Crowny/Crowny/Dependencies/openal-soft/CMakeFiles/CMakeTmp

Run Build Command(s):/usr/bin/make cmTC_dcbb7/fast && /usr/bin/make -f CMakeFiles/cmTC_dcbb7.dir/build.make CMakeFiles/cmTC_dcbb7.dir/build
make[1]: Entering directory '/home/life/Desktop/dev/Crowny/Crowny/Dependencies/openal-soft/CMakeFiles/CMakeTmp'
Building C object CMakeFiles/cmTC_dcbb7.dir/CheckSymbolExists.c.o
/usr/bin/cc    -o CMakeFiles/cmTC_dcbb7.dir/CheckSymbolExists.c.o   -c /home/life/Desktop/dev/Crowny/Crowny/Dependencies/openal-soft/CMakeFiles/CMakeTmp/CheckSymbolExists.c
Linking C executable cmTC_dcbb7
/usr/bin/cmake -E cmake_link_script CMakeFiles/cmTC_dcbb7.dir/link.txt --verbose=1
/usr/bin/cc      -rdynamic CMakeFiles/cmTC_dcbb7.dir/CheckSymbolExists.c.o  -o cmTC_dcbb7 
make[1]: Leaving directory '/home/life/Desktop/dev/Crowny/Crowny/Dependencies/openal-soft/CMakeFiles/CMakeTmp'


File /home/life/Desktop/dev/Crowny/Crowny/Dependencies/openal-soft/CMakeFiles/CMakeTmp/CheckSymbolExists.c:
/* */
#include <stdlib.h>

int main(int argc, char** argv)
{
  (void)argv;
#ifndef posix_memalign
  return ((int*)(&posix_memalign))[argc];
#else
  (void)argc;
  return 0;
#endif
}
Performing C++ SOURCE FILE Test HAVE___RESTRICT succeeded with the following output:
Change Dir: /home/life/Desktop/dev/Crowny/Crowny/Dependencies/openal-soft/CMakeFiles/CMakeTmp

Run Build Command(s):/usr/bin/make cmTC_36546/fast && /usr/bin/make -f CMakeFiles/cmTC_36546.dir/build.make CMakeFiles/cmTC_36546.dir/build
make[1]: Entering directory '/home/life/Desktop/dev/Crowny/Crowny/Dependencies/openal-soft/CMakeFiles/CMakeTmp'
Building CXX object CMakeFiles/cmTC_36546.dir/src.cxx.o
/usr/bin/c++    -DHAVE___RESTRICT   -o CMakeFiles/cmTC_36546.dir/src.cxx.o -c /home/life/Desktop/dev/Crowny/Crowny/Dependencies/openal-soft/CMakeFiles/CMakeTmp/src.cxx
Linking CXX executable cmTC_36546
/usr/bin/cmake -E cmake_link_script CMakeFiles/cmTC_36546.dir/link.txt --verbose=1
/usr/bin/c++   -DHAVE___RESTRICT    -rdynamic CMakeFiles/cmTC_36546.dir/src.cxx.o  -o cmTC_36546 
make[1]: Leaving directory '/home/life/Desktop/dev/Crowny/Crowny/Dependencies/openal-soft/CMakeFiles/CMakeTmp'


Source file was:
int *__restrict foo;
int main() { return 0; }
Performing C++ SOURCE FILE Test HAVE_LIBATOMIC succeeded with the following output:
Change Dir: /home/life/Desktop/dev/Crowny/Crowny/Dependencies/openal-soft/CMakeFiles/CMakeTmp

Run Build Command(s):/usr/bin/make cmTC_2aa17/fast && /usr/bin/make -f CMakeFiles/cmTC_2aa17.dir/build.make CMakeFiles/cmTC_2aa17.dir/build
make[1]: Entering directory '/home/life/Desktop/dev/Crowny/Crowny/Dependencies/openal-soft/CMakeFiles/CMakeTmp'
Building CXX object CMakeFiles/cmTC_2aa17.dir/src.cxx.o
/usr/bin/c++    -DHAVE_LIBATOMIC   -o CMakeFiles/cmTC_2aa17.dir/src.cxx.o -c /home/life/Desktop/dev/Crowny/Crowny/Dependencies/openal-soft/CMakeFiles/CMakeTmp/src.cxx
Linking CXX executable cmTC_2aa17
/usr/bin/cmake -E cmake_link_script CMakeFiles/cmTC_2aa17.dir/link.txt --verbose=1
/usr/bin/c++   -DHAVE_LIBATOMIC    -rdynamic CMakeFiles/cmTC_2aa17.dir/src.cxx.o  -o cmTC_2aa17  -latomic 
make[1]: Leaving directory '/home/life/Desktop/dev/Crowny/Crowny/Dependencies/openal-soft/CMakeFiles/CMakeTmp'


Source file was:
#include <atomic>
std::atomic<int> foo{0};
int main() { return foo.fetch_add(2); }
Performing C SOURCE FILE Test HAVE_FNO_MATH_ERRNO succeeded with the following output:
Change Dir: /home/life/Desktop/dev/Crowny/Crowny/Dependencies/openal-soft/CMakeFiles/CMakeTmp

Run Build Command(s):/usr/bin/make cmTC_04029/fast && /usr/bin/make -f CMakeFiles/cmTC_04029.dir/build.make CMakeFiles/cmTC_04029.dir/build
make[1]: Entering directory '/home/life/Desktop/dev/Crowny/Crowny/Dependencies/openal-soft/CMakeFiles/CMakeTmp'
Building C object CMakeFiles/cmTC_04029.dir/src.c.o
/usr/bin/cc   -DHAVE_FNO_MATH_ERRNO   -fno-math-errno -o CMakeFiles/cmTC_04029.dir/src.c.o   -c /home/life/Desktop/dev/Crowny/Crowny/Dependencies/openal-soft/CMakeFiles/CMakeTmp/src.c
Linking C executable cmTC_04029
/usr/bin/cmake -E cmake_link_script CMakeFiles/cmTC_04029.dir/link.txt --verbose=1
/usr/bin/cc  -DHAVE_FNO_MATH_ERRNO    -rdynamic CMakeFiles/cmTC_04029.dir/src.c.o  -o cmTC_04029  -latomic 
make[1]: Leaving directory '/home/life/Desktop/dev/Crowny/Crowny/Dependencies/openal-soft/CMakeFiles/CMakeTmp'


Source file was:
int main(void) { return 0; }
Performing C SOURCE FILE Test HAVE_GCC_PROTECTED_VISIBILITY succeeded with the following output:
Change Dir: /home/life/Desktop/dev/Crowny/Crowny/Dependencies/openal-soft/CMakeFiles/CMakeTmp

Run Build Command(s):/usr/bin/make cmTC_ffdc7/fast && /usr/bin/make -f CMakeFiles/cmTC_ffdc7.dir/build.make CMakeFiles/cmTC_ffdc7.dir/build
make[1]: Entering directory '/home/life/Desktop/dev/Crowny/Crowny/Dependencies/openal-soft/CMakeFiles/CMakeTmp'
Building C object CMakeFiles/cmTC_ffdc7.dir/src.c.o
/usr/bin/cc   -DHAVE_GCC_PROTECTED_VISIBILITY  -Wattributes -Werror   -o CMakeFiles/cmTC_ffdc7.dir/src.c.o   -c /home/life/Desktop/dev/Crowny/Crowny/Dependencies/openal-soft/CMakeFiles/CMakeTmp/src.c
Linking C executable cmTC_ffdc7
/usr/bin/cmake -E cmake_link_script CMakeFiles/cmTC_ffdc7.dir/link.txt --verbose=1
/usr/bin/cc  -DHAVE_GCC_PROTECTED_VISIBILITY  -Wattributes -Werror    -rdynamic CMakeFiles/cmTC_ffdc7.dir/src.c.o  -o cmTC_ffdc7  -latomic 
make[1]: Leaving directory '/home/life/Desktop/dev/Crowny/Crowny/Dependencies/openal-soft/CMakeFiles/CMakeTmp'


Source file was:
int foo() __attribute__((visibility("protected")));
                             int main() {return 0;}
Performing C SOURCE FILE Test HAVE_VISIBILITY_HIDDEN_SWITCH succeeded with the following output:
Change Dir: /home/life/Desktop/dev/Crowny/Crowny/Dependencies/openal-soft/CMakeFiles/CMakeTmp

Run Build Command(s):/usr/bin/make cmTC_5a349/fast && /usr/bin/make -f CMakeFiles/cmTC_5a349.dir/build.make CMakeFiles/cmTC_5a349.dir/build
make[1]: Entering directory '/home/life/Desktop/dev/Crowny/Crowny/Dependencies/openal-soft/CMakeFiles/CMakeTmp'
Building C object CMakeFiles/cmTC_5a349.dir/src.c.o
/usr/bin/cc   -DHAVE_VISIBILITY_HIDDEN_SWITCH  -Wattributes -Werror   -fvisibility=hidden -o CMakeFiles/cmTC_5a349.dir/src.c.o   -c /home/life/Desktop/dev/Crowny/Crowny/Dependencies/openal-soft/CMakeFiles/CMakeTmp/src.c
Linking C executable cmTC_5a349
/usr/bin/cmake -E cmake_link_script CMakeFiles/cmTC_5a349.dir/link.txt --verbose=1
/usr/bin/cc  -DHAVE_VISIBILITY_HIDDEN_SWITCH  -Wattributes -Werror    -rdynamic CMakeFiles/cmTC_5a349.dir/src.c.o  -o cmTC_5a349  -latomic 
make[1]: Leaving directory '/home/life/Desktop/dev/Crowny/Crowny/Dependencies/openal-soft/CMakeFiles/CMakeTmp'


Source file was:
int main(void) { return 0; }
Performing C SOURCE FILE Test HAVE_MSSE2_SWITCH succeeded with the following output:
Change Dir: /home/life/Desktop/dev/Crowny/Crowny/Dependencies/openal-soft/CMakeFiles/CMakeTmp

Run Build Command(s):/usr/bin/make cmTC_acd1c/fast && /usr/bin/make -f CMakeFiles/cmTC_acd1c.dir/build.make CMakeFiles/cmTC_acd1c.dir/build
make[1]: Entering directory '/home/life/Desktop/dev/Crowny/Crowny/Dependencies/openal-soft/CMakeFiles/CMakeTmp'
Building C object CMakeFiles/cmTC_acd1c.dir/src.c.o
/usr/bin/cc   -DHAVE_MSSE2_SWITCH  -Werror   -msse2 -o CMakeFiles/cmTC_acd1c.dir/src.c.o   -c /home/life/Desktop/dev/Crowny/Crowny/Dependencies/openal-soft/CMakeFiles/CMakeTmp/src.c
Linking C executable cmTC_acd1c
/usr/bin/cmake -E cmake_link_script CMakeFiles/cmTC_acd1c.dir/link.txt --verbose=1
/usr/bin/cc  -DHAVE_MSSE2_SWITCH  -Werror    -rdynamic CMakeFiles/cmTC_acd1c.dir/src.c.o  -o cmTC_acd1c  -latomic 
make[1]: Leaving directory '/home/life/Desktop/dev/Crowny/Crowny/Dependencies/openal-soft/CMakeFiles/CMakeTmp'


Source file was:
int main(void) { return 0; }
Determining if the include file xmmintrin.h exists passed with the following output:
Change Dir: /home/life/Desktop/dev/Crowny/Crowny/Dependencies/openal-soft/CMakeFiles/CMakeTmp

Run Build Command(s):/usr/bin/make cmTC_b0d0a/fast && /usr/bin/make -f CMakeFiles/cmTC_b0d0a.dir/build.make CMakeFiles/cmTC_b0d0a.dir/build
make[1]: Entering directory '/home/life/Desktop/dev/Crowny/Crowny/Dependencies/openal-soft/CMakeFiles/CMakeTmp'
Building C object CMakeFiles/cmTC_b0d0a.dir/CheckIncludeFile.c.o
/usr/bin/cc    -o CMakeFiles/cmTC_b0d0a.dir/CheckIncludeFile.c.o   -c /home/life/Desktop/dev/Crowny/Crowny/Dependencies/openal-soft/CMakeFiles/CMakeTmp/CheckIncludeFile.c
Linking C executable cmTC_b0d0a
/usr/bin/cmake -E cmake_link_script CMakeFiles/cmTC_b0d0a.dir/link.txt --verbose=1
/usr/bin/cc      -rdynamic CMakeFiles/cmTC_b0d0a.dir/CheckIncludeFile.c.o  -o cmTC_b0d0a  -latomic 
make[1]: Leaving directory '/home/life/Desktop/dev/Crowny/Crowny/Dependencies/openal-soft/CMakeFiles/CMakeTmp'



Determining if the include file emmintrin.h exists passed with the following output:
Change Dir: /home/life/Desktop/dev/Crowny/Crowny/Dependencies/openal-soft/CMakeFiles/CMakeTmp

Run Build Command(s):/usr/bin/make cmTC_b47e2/fast && /usr/bin/make -f CMakeFiles/cmTC_b47e2.dir/build.make CMakeFiles/cmTC_b47e2.dir/build
make[1]: Entering directory '/home/life/Desktop/dev/Crowny/Crowny/Dependencies/openal-soft/CMakeFiles/CMakeTmp'
Building C object CMakeFiles/cmTC_b47e2.dir/CheckIncludeFile.c.o
/usr/bin/cc    -o CMakeFiles/cmTC_b47e2.dir/CheckIncludeFile.c.o   -c /home/life/Desktop/dev/Crowny/Crowny/Dependencies/openal-soft/CMakeFiles/CMakeTmp/CheckIncludeFile.c
Linking C executable cmTC_b47e2
/usr/bin/cmake -E cmake_link_script CMakeFiles/cmTC_b47e2.dir/link.txt --verbose=1
/usr/bin/cc      -rdynamic CMakeFiles/cmTC_b47e2.dir/CheckIncludeFile.c.o  -o cmTC_b47e2  -latomic 
make[1]: Leaving directory '/home/life/Desktop/dev/Crowny/Crowny/Dependencies/openal-soft/CMakeFiles/CMakeTmp'



Determining if the include file pmmintrin.h exists passed with the following output:
Change Dir: /home/life/Desktop/dev/Crowny/Crowny/Dependencies/openal-soft/CMakeFiles/CMakeTmp

Run Build Command(s):/usr/bin/make cmTC_adbb6/fast && /usr/bin/make -f CMakeFiles/cmTC_adbb6.dir/build.make CMakeFiles/cmTC_adbb6.dir/build
make[1]: Entering directory '/home/life/Desktop/dev/Crowny/Crowny/Dependencies/openal-soft/CMakeFiles/CMakeTmp'
Building C object CMakeFiles/cmTC_adbb6.dir/CheckIncludeFile.c.o
/usr/bin/cc    -o CMakeFiles/cmTC_adbb6.dir/CheckIncludeFile.c.o   -c /home/life/Desktop/dev/Crowny/Crowny/Dependencies/openal-soft/CMakeFiles/CMakeTmp/CheckIncludeFile.c
Linking C executable cmTC_adbb6
/usr/bin/cmake -E cmake_link_script CMakeFiles/cmTC_adbb6.dir/link.txt --verbose=1
/usr/bin/cc      -rdynamic CMakeFiles/cmTC_adbb6.dir/CheckIncludeFile.c.o  -o cmTC_adbb6  -latomic 
make[1]: Leaving directory '/home/life/Desktop/dev/Crowny/Crowny/Dependencies/openal-soft/CMakeFiles/CMakeTmp'



Determining if the include file smmintrin.h exists passed with the following output:
Change Dir: /home/life/Desktop/dev/Crowny/Crowny/Dependencies/openal-soft/CMakeFiles/CMakeTmp

Run Build Command(s):/usr/bin/make cmTC_cb8d6/fast && /usr/bin/make -f CMakeFiles/cmTC_cb8d6.dir/build.make CMakeFiles/cmTC_cb8d6.dir/build
make[1]: Entering directory '/home/life/Desktop/dev/Crowny/Crowny/Dependencies/openal-soft/CMakeFiles/CMakeTmp'
Building C object CMakeFiles/cmTC_cb8d6.dir/CheckIncludeFile.c.o
/usr/bin/cc    -o CMakeFiles/cmTC_cb8d6.dir/CheckIncludeFile.c.o   -c /home/life/Desktop/dev/Crowny/Crowny/Dependencies/openal-soft/CMakeFiles/CMakeTmp/CheckIncludeFile.c
Linking C executable cmTC_cb8d6
/usr/bin/cmake -E cmake_link_script CMakeFiles/cmTC_cb8d6.dir/link.txt --verbose=1
/usr/bin/cc      -rdynamic CMakeFiles/cmTC_cb8d6.dir/CheckIncludeFile.c.o  -o cmTC_cb8d6  -latomic 
make[1]: Leaving directory '/home/life/Desktop/dev/Crowny/Crowny/Dependencies/openal-soft/CMakeFiles/CMakeTmp'



Performing C SOURCE FILE Test HAVE_SSE_INTRINSICS succeeded with the following output:
Change Dir: /home/life/Desktop/dev/Crowny/Crowny/Dependencies/openal-soft/CMakeFiles/CMakeTmp

Run Build Command(s):/usr/bin/make cmTC_6a66d/fast && /usr/bin/make -f CMakeFiles/cmTC_6a66d.dir/build.make CMakeFiles/cmTC_6a66d.dir/build
make[1]: Entering directory '/home/life/Desktop/dev/Crowny/Crowny/Dependencies/openal-soft/CMakeFiles/CMakeTmp'
Building C object CMakeFiles/cmTC_6a66d.dir/src.c.o
/usr/bin/cc   -DHAVE_SSE_INTRINSICS   -o CMakeFiles/cmTC_6a66d.dir/src.c.o   -c /home/life/Desktop/dev/Crowny/Crowny/Dependencies/openal-soft/CMakeFiles/CMakeTmp/src.c
Linking C executable cmTC_6a66d
/usr/bin/cmake -E cmake_link_script CMakeFiles/cmTC_6a66d.dir/link.txt --verbose=1
/usr/bin/cc  -DHAVE_SSE_INTRINSICS    -rdynamic CMakeFiles/cmTC_6a66d.dir/src.c.o  -o cmTC_6a66d  -latomic 
make[1]: Leaving directory '/home/life/Desktop/dev/Crowny/Crowny/Dependencies/openal-soft/CMakeFiles/CMakeTmp'


Source file was:
#include <emmintrin.h>
        int main() {_mm_pause(); return 0;}
Determining if the include file malloc.h exists passed with the following output:
Change Dir: /home/life/Desktop/dev/Crowny/Crowny/Dependencies/openal-soft/CMakeFiles/CMakeTmp

Run Build Command(s):/usr/bin/make cmTC_6618c/fast && /usr/bin/make -f CMakeFiles/cmTC_6618c.dir/build.make CMakeFiles/cmTC_6618c.dir/build
make[1]: Entering directory '/home/life/Desktop/dev/Crowny/Crowny/Dependencies/openal-soft/CMakeFiles/CMakeTmp'
Building C object CMakeFiles/cmTC_6618c.dir/CheckIncludeFile.c.o
/usr/bin/cc    -o CMakeFiles/cmTC_6618c.dir/CheckIncludeFile.c.o   -c /home/life/Desktop/dev/Crowny/Crowny/Dependencies/openal-soft/CMakeFiles/CMakeTmp/CheckIncludeFile.c
Linking C executable cmTC_6618c
/usr/bin/cmake -E cmake_link_script CMakeFiles/cmTC_6618c.dir/link.txt --verbose=1
/usr/bin/cc      -rdynamic CMakeFiles/cmTC_6618c.dir/CheckIncludeFile.c.o  -o cmTC_6618c  -latomic 
make[1]: Leaving directory '/home/life/Desktop/dev/Crowny/Crowny/Dependencies/openal-soft/CMakeFiles/CMakeTmp'



Determining if the include file cpuid.h exists passed with the following output:
Change Dir: /home/life/Desktop/dev/Crowny/Crowny/Dependencies/openal-soft/CMakeFiles/CMakeTmp

Run Build Command(s):/usr/bin/make cmTC_c7b8f/fast && /usr/bin/make -f CMakeFiles/cmTC_c7b8f.dir/build.make CMakeFiles/cmTC_c7b8f.dir/build
make[1]: Entering directory '/home/life/Desktop/dev/Crowny/Crowny/Dependencies/openal-soft/CMakeFiles/CMakeTmp'
Building C object CMakeFiles/cmTC_c7b8f.dir/CheckIncludeFile.c.o
/usr/bin/cc    -o CMakeFiles/cmTC_c7b8f.dir/CheckIncludeFile.c.o   -c /home/life/Desktop/dev/Crowny/Crowny/Dependencies/openal-soft/CMakeFiles/CMakeTmp/CheckIncludeFile.c
Linking C executable cmTC_c7b8f
/usr/bin/cmake -E cmake_link_script CMakeFiles/cmTC_c7b8f.dir/link.txt --verbose=1
/usr/bin/cc      -rdynamic CMakeFiles/cmTC_c7b8f.dir/CheckIncludeFile.c.o  -o cmTC_c7b8f  -latomic 
make[1]: Leaving directory '/home/life/Desktop/dev/Crowny/Crowny/Dependencies/openal-soft/CMakeFiles/CMakeTmp'



Determining if the function pow exists in the m passed with the following output:
Change Dir: /home/life/Desktop/dev/Crowny/Crowny/Dependencies/openal-soft/CMakeFiles/CMakeTmp

Run Build Command(s):/usr/bin/make cmTC_38bc6/fast && /usr/bin/make -f CMakeFiles/cmTC_38bc6.dir/build.make CMakeFiles/cmTC_38bc6.dir/build
make[1]: Entering directory '/home/life/Desktop/dev/Crowny/Crowny/Dependencies/openal-soft/CMakeFiles/CMakeTmp'
Building C object CMakeFiles/cmTC_38bc6.dir/CheckFunctionExists.c.o
/usr/bin/cc   -DCHECK_FUNCTION_EXISTS=pow   -o CMakeFiles/cmTC_38bc6.dir/CheckFunctionExists.c.o   -c /usr/share/cmake-3.16/Modules/CheckFunctionExists.c
<command-line>: warning: conflicting types for built-in function pow; expected double(double,  double) [-Wbuiltin-declaration-mismatch]
/usr/share/cmake-3.16/Modules/CheckFunctionExists.c:7:3: note: in expansion of macro CHECK_FUNCTION_EXISTS
    7 |   CHECK_FUNCTION_EXISTS(void);
      |   ^~~~~~~~~~~~~~~~~~~~~
/usr/share/cmake-3.16/Modules/CheckFunctionExists.c:1:1: note: pow is declared in header <math.h>
  +++ |+#include <math.h>
    1 | #ifdef CHECK_FUNCTION_EXISTS
Linking C executable cmTC_38bc6
/usr/bin/cmake -E cmake_link_script CMakeFiles/cmTC_38bc6.dir/link.txt --verbose=1
/usr/bin/cc  -DCHECK_FUNCTION_EXISTS=pow    -rdynamic CMakeFiles/cmTC_38bc6.dir/CheckFunctionExists.c.o  -o cmTC_38bc6  -lm -latomic 
make[1]: Leaving directory '/home/life/Desktop/dev/Crowny/Crowny/Dependencies/openal-soft/CMakeFiles/CMakeTmp'



Determining if the function clock_gettime exists in the rt passed with the following output:
Change Dir: /home/life/Desktop/dev/Crowny/Crowny/Dependencies/openal-soft/CMakeFiles/CMakeTmp

Run Build Command(s):/usr/bin/make cmTC_6d3b6/fast && /usr/bin/make -f CMakeFiles/cmTC_6d3b6.dir/build.make CMakeFiles/cmTC_6d3b6.dir/build
make[1]: Entering directory '/home/life/Desktop/dev/Crowny/Crowny/Dependencies/openal-soft/CMakeFiles/CMakeTmp'
Building C object CMakeFiles/cmTC_6d3b6.dir/CheckFunctionExists.c.o
/usr/bin/cc   -DCHECK_FUNCTION_EXISTS=clock_gettime   -o CMakeFiles/cmTC_6d3b6.dir/CheckFunctionExists.c.o   -c /usr/share/cmake-3.16/Modules/CheckFunctionExists.c
Linking C executable cmTC_6d3b6
/usr/bin/cmake -E cmake_link_script CMakeFiles/cmTC_6d3b6.dir/link.txt --verbose=1
/usr/bin/cc  -DCHECK_FUNCTION_EXISTS=clock_gettime    -rdynamic CMakeFiles/cmTC_6d3b6.dir/CheckFunctionExists.c.o  -o cmTC_6d3b6  -lrt -latomic -lm 
make[1]: Leaving directory '/home/life/Desktop/dev/Crowny/Crowny/Dependencies/openal-soft/CMakeFiles/CMakeTmp'



Determining if the include file dlfcn.h exists passed with the following output:
Change Dir: /home/life/Desktop/dev/Crowny/Crowny/Dependencies/openal-soft/CMakeFiles/CMakeTmp

Run Build Command(s):/usr/bin/make cmTC_c361f/fast && /usr/bin/make -f CMakeFiles/cmTC_c361f.dir/build.make CMakeFiles/cmTC_c361f.dir/build
make[1]: Entering directory '/home/life/Desktop/dev/Crowny/Crowny/Dependencies/openal-soft/CMakeFiles/CMakeTmp'
Building C object CMakeFiles/cmTC_c361f.dir/CheckIncludeFile.c.o
/usr/bin/cc    -o CMakeFiles/cmTC_c361f.dir/CheckIncludeFile.c.o   -c /home/life/Desktop/dev/Crowny/Crowny/Dependencies/openal-soft/CMakeFiles/CMakeTmp/CheckIncludeFile.c
Linking C executable cmTC_c361f
/usr/bin/cmake -E cmake_link_script CMakeFiles/cmTC_c361f.dir/link.txt --verbose=1
/usr/bin/cc      -rdynamic CMakeFiles/cmTC_c361f.dir/CheckIncludeFile.c.o  -o cmTC_c361f  -latomic -lm 
make[1]: Leaving directory '/home/life/Desktop/dev/Crowny/Crowny/Dependencies/openal-soft/CMakeFiles/CMakeTmp'



Determining if the function dlopen exists in the dl passed with the following output:
Change Dir: /home/life/Desktop/dev/Crowny/Crowny/Dependencies/openal-soft/CMakeFiles/CMakeTmp

Run Build Command(s):/usr/bin/make cmTC_971ef/fast && /usr/bin/make -f CMakeFiles/cmTC_971ef.dir/build.make CMakeFiles/cmTC_971ef.dir/build
make[1]: Entering directory '/home/life/Desktop/dev/Crowny/Crowny/Dependencies/openal-soft/CMakeFiles/CMakeTmp'
Building C object CMakeFiles/cmTC_971ef.dir/CheckFunctionExists.c.o
/usr/bin/cc   -DCHECK_FUNCTION_EXISTS=dlopen   -o CMakeFiles/cmTC_971ef.dir/CheckFunctionExists.c.o   -c /usr/share/cmake-3.16/Modules/CheckFunctionExists.c
Linking C executable cmTC_971ef
/usr/bin/cmake -E cmake_link_script CMakeFiles/cmTC_971ef.dir/link.txt --verbose=1
/usr/bin/cc  -DCHECK_FUNCTION_EXISTS=dlopen    -rdynamic CMakeFiles/cmTC_971ef.dir/CheckFunctionExists.c.o  -o cmTC_971ef  -ldl -latomic -lm 
make[1]: Leaving directory '/home/life/Desktop/dev/Crowny/Crowny/Dependencies/openal-soft/CMakeFiles/CMakeTmp'



Performing C SOURCE FILE Test HAVE_GCC_GET_CPUID succeeded with the following output:
Change Dir: /home/life/Desktop/dev/Crowny/Crowny/Dependencies/openal-soft/CMakeFiles/CMakeTmp

Run Build Command(s):/usr/bin/make cmTC_b087b/fast && /usr/bin/make -f CMakeFiles/cmTC_b087b.dir/build.make CMakeFiles/cmTC_b087b.dir/build
make[1]: Entering directory '/home/life/Desktop/dev/Crowny/Crowny/Dependencies/openal-soft/CMakeFiles/CMakeTmp'
Building C object CMakeFiles/cmTC_b087b.dir/src.c.o
/usr/bin/cc   -DHAVE_GCC_GET_CPUID   -o CMakeFiles/cmTC_b087b.dir/src.c.o   -c /home/life/Desktop/dev/Crowny/Crowny/Dependencies/openal-soft/CMakeFiles/CMakeTmp/src.c
Linking C executable cmTC_b087b
/usr/bin/cmake -E cmake_link_script CMakeFiles/cmTC_b087b.dir/link.txt --verbose=1
/usr/bin/cc  -DHAVE_GCC_GET_CPUID    -rdynamic CMakeFiles/cmTC_b087b.dir/src.c.o  -o cmTC_b087b  -latomic -lm -ldl 
make[1]: Leaving directory '/home/life/Desktop/dev/Crowny/Crowny/Dependencies/openal-soft/CMakeFiles/CMakeTmp'


Source file was:
#include <cpuid.h>
        int main()
        {
            unsigned int eax, ebx, ecx, edx;
            return __get_cpuid(0, &eax, &ebx, &ecx, &edx);
        }
Determining if the posix_memalign exist passed with the following output:
Change Dir: /home/life/Desktop/dev/Crowny/Crowny/Dependencies/openal-soft/CMakeFiles/CMakeTmp

Run Build Command(s):/usr/bin/make cmTC_a1602/fast && /usr/bin/make -f CMakeFiles/cmTC_a1602.dir/build.make CMakeFiles/cmTC_a1602.dir/build
make[1]: Entering directory '/home/life/Desktop/dev/Crowny/Crowny/Dependencies/openal-soft/CMakeFiles/CMakeTmp'
Building C object CMakeFiles/cmTC_a1602.dir/CheckSymbolExists.c.o
/usr/bin/cc    -o CMakeFiles/cmTC_a1602.dir/CheckSymbolExists.c.o   -c /home/life/Desktop/dev/Crowny/Crowny/Dependencies/openal-soft/CMakeFiles/CMakeTmp/CheckSymbolExists.c
Linking C executable cmTC_a1602
/usr/bin/cmake -E cmake_link_script CMakeFiles/cmTC_a1602.dir/link.txt --verbose=1
/usr/bin/cc      -rdynamic CMakeFiles/cmTC_a1602.dir/CheckSymbolExists.c.o  -o cmTC_a1602  -latomic -lm -ldl 
make[1]: Leaving directory '/home/life/Desktop/dev/Crowny/Crowny/Dependencies/openal-soft/CMakeFiles/CMakeTmp'


File /home/life/Desktop/dev/Crowny/Crowny/Dependencies/openal-soft/CMakeFiles/CMakeTmp/CheckSymbolExists.c:
/* */
#include <stdlib.h>

int main(int argc, char** argv)
{
  (void)argv;
#ifndef posix_memalign
  return ((int*)(&posix_memalign))[argc];
#else
  (void)argc;
  return 0;
#endif
}
Determining if the include file pthread.h exists passed with the following output:
Change Dir: /home/life/Desktop/dev/Crowny/Crowny/Dependencies/openal-soft/CMakeFiles/CMakeTmp

Run Build Command(s):/usr/bin/make cmTC_b030b/fast && /usr/bin/make -f CMakeFiles/cmTC_b030b.dir/build.make CMakeFiles/cmTC_b030b.dir/build
make[1]: Entering directory '/home/life/Desktop/dev/Crowny/Crowny/Dependencies/openal-soft/CMakeFiles/CMakeTmp'
Building C object CMakeFiles/cmTC_b030b.dir/CheckIncludeFile.c.o
/usr/bin/cc    -o CMakeFiles/cmTC_b030b.dir/CheckIncludeFile.c.o   -c /home/life/Desktop/dev/Crowny/Crowny/Dependencies/openal-soft/CMakeFiles/CMakeTmp/CheckIncludeFile.c
Linking C executable cmTC_b030b
/usr/bin/cmake -E cmake_link_script CMakeFiles/cmTC_b030b.dir/link.txt --verbose=1
/usr/bin/cc      -rdynamic CMakeFiles/cmTC_b030b.dir/CheckIncludeFile.c.o  -o cmTC_b030b  -latomic -lm -ldl 
make[1]: Leaving directory '/home/life/Desktop/dev/Crowny/Crowny/Dependencies/openal-soft/CMakeFiles/CMakeTmp'



Performing C SOURCE FILE Test HAVE_PTHREAD succeeded with the following output:
Change Dir: /home/life/Desktop/dev/Crowny/Crowny/Dependencies/openal-soft/CMakeFiles/CMakeTmp

Run Build Command(s):/usr/bin/make cmTC_af7f8/fast && /usr/bin/make -f CMakeFiles/cmTC_af7f8.dir/build.make CMakeFiles/cmTC_af7f8.dir/build
make[1]: Entering directory '/home/life/Desktop/dev/Crowny/Crowny/Dependencies/openal-soft/CMakeFiles/CMakeTmp'
Building C object CMakeFiles/cmTC_af7f8.dir/src.c.o
/usr/bin/cc   -DHAVE_PTHREAD   -pthread -o CMakeFiles/cmTC_af7f8.dir/src.c.o   -c /home/life/Desktop/dev/Crowny/Crowny/Dependencies/openal-soft/CMakeFiles/CMakeTmp/src.c
Linking C executable cmTC_af7f8
/usr/bin/cmake -E cmake_link_script CMakeFiles/cmTC_af7f8.dir/link.txt --verbose=1
/usr/bin/cc  -DHAVE_PTHREAD    -rdynamic CMakeFiles/cmTC_af7f8.dir/src.c.o  -o cmTC_af7f8  -latomic -lm -ldl 
make[1]: Leaving directory '/home/life/Desktop/dev/Crowny/Crowny/Dependencies/openal-soft/CMakeFiles/CMakeTmp'


Source file was:
int main(void) { return 0; }
Determining if the pthread_setschedparam exist passed with the following output:
Change Dir: /home/life/Desktop/dev/Crowny/Crowny/Dependencies/openal-soft/CMakeFiles/CMakeTmp

Run Build Command(s):/usr/bin/make cmTC_b3a94/fast && /usr/bin/make -f CMakeFiles/cmTC_b3a94.dir/build.make CMakeFiles/cmTC_b3a94.dir/build
make[1]: Entering directory '/home/life/Desktop/dev/Crowny/Crowny/Dependencies/openal-soft/CMakeFiles/CMakeTmp'
Building C object CMakeFiles/cmTC_b3a94.dir/CheckSymbolExists.c.o
/usr/bin/cc   -pthread   -o CMakeFiles/cmTC_b3a94.dir/CheckSymbolExists.c.o   -c /home/life/Desktop/dev/Crowny/Crowny/Dependencies/openal-soft/CMakeFiles/CMakeTmp/CheckSymbolExists.c
Linking C executable cmTC_b3a94
/usr/bin/cmake -E cmake_link_script CMakeFiles/cmTC_b3a94.dir/link.txt --verbose=1
/usr/bin/cc   -pthread    -rdynamic CMakeFiles/cmTC_b3a94.dir/CheckSymbolExists.c.o  -o cmTC_b3a94  -latomic -lm -ldl 
make[1]: Leaving directory '/home/life/Desktop/dev/Crowny/Crowny/Dependencies/openal-soft/CMakeFiles/CMakeTmp'


File /home/life/Desktop/dev/Crowny/Crowny/Dependencies/openal-soft/CMakeFiles/CMakeTmp/CheckSymbolExists.c:
/* */
#include <pthread.h>

int main(int argc, char** argv)
{
  (void)argv;
#ifndef pthread_setschedparam
  return ((int*)(&pthread_setschedparam))[argc];
#else
  (void)argc;
  return 0;
#endif
}
Determining if the getopt exist passed with the following output:
Change Dir: /home/life/Desktop/dev/Crowny/Crowny/Dependencies/openal-soft/CMakeFiles/CMakeTmp

Run Build Command(s):/usr/bin/make cmTC_e6993/fast && /usr/bin/make -f CMakeFiles/cmTC_e6993.dir/build.make CMakeFiles/cmTC_e6993.dir/build
make[1]: Entering directory '/home/life/Desktop/dev/Crowny/Crowny/Dependencies/openal-soft/CMakeFiles/CMakeTmp'
Building C object CMakeFiles/cmTC_e6993.dir/CheckSymbolExists.c.o
/usr/bin/cc   -pthread   -o CMakeFiles/cmTC_e6993.dir/CheckSymbolExists.c.o   -c /home/life/Desktop/dev/Crowny/Crowny/Dependencies/openal-soft/CMakeFiles/CMakeTmp/CheckSymbolExists.c
Linking C executable cmTC_e6993
/usr/bin/cmake -E cmake_link_script CMakeFiles/cmTC_e6993.dir/link.txt --verbose=1
/usr/bin/cc   -pthread    -rdynamic CMakeFiles/cmTC_e6993.dir/CheckSymbolExists.c.o  -o cmTC_e6993  -latomic -lm -ldl 
make[1]: Leaving directory '/home/life/Desktop/dev/Crowny/Crowny/Dependencies/openal-soft/CMakeFiles/CMakeTmp'


File /home/life/Desktop/dev/Crowny/Crowny/Dependencies/openal-soft/CMakeFiles/CMakeTmp/CheckSymbolExists.c:
/* */
#include <unistd.h>

int main(int argc, char** argv)
{
  (void)argv;
#ifndef getopt
  return ((int*)(&getopt))[argc];
#else
  (void)argc;
  return 0;
#endif
}
Determining if the include file pthread.h exists passed with the following output:
Change Dir: /home/life/Desktop/dev/Crowny/Crowny/Dependencies/openal-soft/CMakeFiles/CMakeTmp

Run Build Command(s):/usr/bin/make cmTC_a0dbb/fast && /usr/bin/make -f CMakeFiles/cmTC_a0dbb.dir/build.make CMakeFiles/cmTC_a0dbb.dir/build
make[1]: Entering directory '/home/life/Desktop/dev/Crowny/Crowny/Dependencies/openal-soft/CMakeFiles/CMakeTmp'
Building C object CMakeFiles/cmTC_a0dbb.dir/CheckIncludeFile.c.o
/usr/bin/cc   -pthread   -o CMakeFiles/cmTC_a0dbb.dir/CheckIncludeFile.c.o   -c /home/life/Desktop/dev/Crowny/Crowny/Dependencies/openal-soft/CMakeFiles/CMakeTmp/CheckIncludeFile.c
Linking C executable cmTC_a0dbb
/usr/bin/cmake -E cmake_link_script CMakeFiles/cmTC_a0dbb.dir/link.txt --verbose=1
/usr/bin/cc   -pthread    -rdynamic CMakeFiles/cmTC_a0dbb.dir/CheckIncludeFile.c.o  -o cmTC_a0dbb  -latomic -lm -ldl 
make[1]: Leaving directory '/home/life/Desktop/dev/Crowny/Crowny/Dependencies/openal-soft/CMakeFiles/CMakeTmp'



Performing C SOURCE FILE Test CMAKE_HAVE_LIBC_PTHREAD succeeded with the following output:
Change Dir: /home/life/Desktop/dev/Crowny/Crowny/Dependencies/openal-soft/CMakeFiles/CMakeTmp

Run Build Command(s):/usr/bin/make cmTC_86e78/fast && /usr/bin/make -f CMakeFiles/cmTC_86e78.dir/build.make CMakeFiles/cmTC_86e78.dir/build
make[1]: Entering directory '/home/life/Desktop/dev/Crowny/Crowny/Dependencies/openal-soft/CMakeFiles/CMakeTmp'
Building C object CMakeFiles/cmTC_86e78.dir/src.c.o
/usr/bin/cc   -DCMAKE_HAVE_LIBC_PTHREAD  -pthread   -o CMakeFiles/cmTC_86e78.dir/src.c.o   -c /home/life/Desktop/dev/Crowny/Crowny/Dependencies/openal-soft/CMakeFiles/CMakeTmp/src.c
Linking C executable cmTC_86e78
/usr/bin/cmake -E cmake_link_script CMakeFiles/cmTC_86e78.dir/link.txt --verbose=1
/usr/bin/cc  -DCMAKE_HAVE_LIBC_PTHREAD  -pthread    -rdynamic CMakeFiles/cmTC_86e78.dir/src.c.o  -o cmTC_86e78  -latomic -lm -ldl 
make[1]: Leaving directory '/home/life/Desktop/dev/Crowny/Crowny/Dependencies/openal-soft/CMakeFiles/CMakeTmp'


Source file was:
#include <pthread.h>

void* test_func(void* data)
{
  return data;
}

int main(void)
{
  pthread_t thread;
  pthread_create(&thread, NULL, test_func, NULL);
  pthread_detach(thread);
  pthread_join(thread, NULL);
  pthread_atfork(NULL, NULL, NULL);
  pthread_exit(NULL);

  return 0;
}

